<?xml version="1.0" encoding="UTF-8"?>
<testsuite xmlns:xsi="http://www.w3.org/2001/XMLSchema-instance" xsi:noNamespaceSchemaLocation="https://maven.apache.org/surefire/maven-surefire-plugin/xsd/surefire-test-report.xsd" version="3.0.2" name="org.jfm.test.EmailServiceTest" time="15.707" tests="2" errors="0" skipped="0" failures="0">
  <properties>
    <property name="java.specification.version" value="21"/>
    <property name="sun.jnu.encoding" value="UTF-8"/>
    <property name="test.url" value="http://localhost:8081"/>
    <property name="io.quarkus.security.http.test-if-basic-auth-implicitly-required" value="true"/>
    <property name="java.class.path" value="/home/joaomarcos11/ws/fiap-soat/hackaton/mail-sender/target/test-classes:/home/joaomarcos11/ws/fiap-soat/hackaton/mail-sender/target/classes:/home/joaomarcos11/.m2/repository/io/quarkus/quarkus-jacoco/3.17.7/quarkus-jacoco-3.17.7.jar:/home/joaomarcos11/.m2/repository/io/quarkus/quarkus-core/3.17.7/quarkus-core-3.17.7.jar:/home/joaomarcos11/.m2/repository/jakarta/annotation/jakarta.annotation-api/3.0.0/jakarta.annotation-api-3.0.0.jar:/home/joaomarcos11/.m2/repository/jakarta/enterprise/jakarta.enterprise.cdi-api/4.1.0/jakarta.enterprise.cdi-api-4.1.0.jar:/home/joaomarcos11/.m2/repository/jakarta/enterprise/jakarta.enterprise.lang-model/4.1.0/jakarta.enterprise.lang-model-4.1.0.jar:/home/joaomarcos11/.m2/repository/jakarta/interceptor/jakarta.interceptor-api/2.2.0/jakarta.interceptor-api-2.2.0.jar:/home/joaomarcos11/.m2/repository/jakarta/inject/jakarta.inject-api/2.0.1/jakarta.inject-api-2.0.1.jar:/home/joaomarcos11/.m2/repository/io/smallrye/common/smallrye-common-os/2.9.0/smallrye-common-os-2.9.0.jar:/home/joaomarcos11/.m2/repository/io/quarkus/quarkus-ide-launcher/3.17.7/quarkus-ide-launcher-3.17.7.jar:/home/joaomarcos11/.m2/repository/io/quarkus/quarkus-development-mode-spi/3.17.7/quarkus-development-mode-spi-3.17.7.jar:/home/joaomarcos11/.m2/repository/io/smallrye/config/smallrye-config/3.10.2/smallrye-config-3.10.2.jar:/home/joaomarcos11/.m2/repository/io/smallrye/config/smallrye-config-core/3.10.2/smallrye-config-core-3.10.2.jar:/home/joaomarcos11/.m2/repository/org/eclipse/microprofile/config/microprofile-config-api/3.1/microprofile-config-api-3.1.jar:/home/joaomarcos11/.m2/repository/io/smallrye/common/smallrye-common-classloader/2.9.0/smallrye-common-classloader-2.9.0.jar:/home/joaomarcos11/.m2/repository/io/smallrye/config/smallrye-config-common/3.10.2/smallrye-config-common-3.10.2.jar:/home/joaomarcos11/.m2/repository/org/jboss/logging/jboss-logging/3.6.1.Final/jboss-logging-3.6.1.Final.jar:/home/joaomarcos11/.m2/repository/org/jboss/logmanager/jboss-logmanager/3.1.1.Final/jboss-logmanager-3.1.1.Final.jar:/home/joaomarcos11/.m2/repository/io/smallrye/common/smallrye-common-constraint/2.9.0/smallrye-common-constraint-2.9.0.jar:/home/joaomarcos11/.m2/repository/io/smallrye/common/smallrye-common-cpu/2.9.0/smallrye-common-cpu-2.9.0.jar:/home/joaomarcos11/.m2/repository/io/smallrye/common/smallrye-common-expression/2.9.0/smallrye-common-expression-2.9.0.jar:/home/joaomarcos11/.m2/repository/io/smallrye/common/smallrye-common-net/2.9.0/smallrye-common-net-2.9.0.jar:/home/joaomarcos11/.m2/repository/io/smallrye/common/smallrye-common-ref/2.9.0/smallrye-common-ref-2.9.0.jar:/home/joaomarcos11/.m2/repository/jakarta/json/jakarta.json-api/2.1.3/jakarta.json-api-2.1.3.jar:/home/joaomarcos11/.m2/repository/org/eclipse/parsson/parsson/1.1.7/parsson-1.1.7.jar:/home/joaomarcos11/.m2/repository/org/jboss/logging/jboss-logging-annotations/3.0.2.Final/jboss-logging-annotations-3.0.2.Final.jar:/home/joaomarcos11/.m2/repository/org/jboss/threads/jboss-threads/3.8.0.Final/jboss-threads-3.8.0.Final.jar:/home/joaomarcos11/.m2/repository/io/smallrye/common/smallrye-common-function/2.9.0/smallrye-common-function-2.9.0.jar:/home/joaomarcos11/.m2/repository/org/slf4j/slf4j-api/2.0.6/slf4j-api-2.0.6.jar:/home/joaomarcos11/.m2/repository/org/wildfly/common/wildfly-common/1.7.0.Final/wildfly-common-1.7.0.Final.jar:/home/joaomarcos11/.m2/repository/io/quarkus/quarkus-bootstrap-runner/3.17.7/quarkus-bootstrap-runner-3.17.7.jar:/home/joaomarcos11/.m2/repository/io/quarkus/quarkus-fs-util/0.0.10/quarkus-fs-util-0.0.10.jar:/home/joaomarcos11/.m2/repository/org/jacoco/org.jacoco.core/0.8.12/org.jacoco.core-0.8.12.jar:/home/joaomarcos11/.m2/repository/org/ow2/asm/asm/9.7.1/asm-9.7.1.jar:/home/joaomarcos11/.m2/repository/org/ow2/asm/asm-tree/9.7.1/asm-tree-9.7.1.jar:/home/joaomarcos11/.m2/repository/org/jacoco/org.jacoco.report/0.8.12/org.jacoco.report-0.8.12.jar:/home/joaomarcos11/.m2/repository/org/jacoco/org.jacoco.agent/0.8.12/org.jacoco.agent-0.8.12.jar:/home/joaomarcos11/.m2/repository/org/jacoco/org.jacoco.agent/0.8.12/org.jacoco.agent-0.8.12-runtime.jar:/home/joaomarcos11/.m2/repository/org/ow2/asm/asm-commons/9.7.1/asm-commons-9.7.1.jar:/home/joaomarcos11/.m2/repository/io/quarkus/quarkus-scheduler/3.17.7/quarkus-scheduler-3.17.7.jar:/home/joaomarcos11/.m2/repository/io/quarkus/quarkus-scheduler-kotlin/3.17.7/quarkus-scheduler-kotlin-3.17.7.jar:/home/joaomarcos11/.m2/repository/io/quarkus/quarkus-scheduler-common/3.17.7/quarkus-scheduler-common-3.17.7.jar:/home/joaomarcos11/.m2/repository/io/quarkus/quarkus-scheduler-api/3.17.7/quarkus-scheduler-api-3.17.7.jar:/home/joaomarcos11/.m2/repository/io/quarkus/quarkus-scheduler-spi/3.17.7/quarkus-scheduler-spi-3.17.7.jar:/home/joaomarcos11/.m2/repository/io/opentelemetry/instrumentation/opentelemetry-instrumentation-api/2.8.0/opentelemetry-instrumentation-api-2.8.0.jar:/home/joaomarcos11/.m2/repository/io/opentelemetry/opentelemetry-api/1.42.1/opentelemetry-api-1.42.1.jar:/home/joaomarcos11/.m2/repository/io/opentelemetry/opentelemetry-context/1.42.1/opentelemetry-context-1.42.1.jar:/home/joaomarcos11/.m2/repository/io/opentelemetry/opentelemetry-api-incubator/1.42.1-alpha/opentelemetry-api-incubator-1.42.1-alpha.jar:/home/joaomarcos11/.m2/repository/io/opentelemetry/semconv/opentelemetry-semconv/1.27.0-alpha/opentelemetry-semconv-1.27.0-alpha.jar:/home/joaomarcos11/.m2/repository/com/cronutils/cron-utils/9.2.1/cron-utils-9.2.1.jar:/home/joaomarcos11/.m2/repository/io/quarkus/quarkus-virtual-threads/3.17.7/quarkus-virtual-threads-3.17.7.jar:/home/joaomarcos11/.m2/repository/io/vertx/vertx-core/4.5.11/vertx-core-4.5.11.jar:/home/joaomarcos11/.m2/repository/io/netty/netty-common/4.1.115.Final/netty-common-4.1.115.Final.jar:/home/joaomarcos11/.m2/repository/io/netty/netty-buffer/4.1.115.Final/netty-buffer-4.1.115.Final.jar:/home/joaomarcos11/.m2/repository/io/netty/netty-transport/4.1.115.Final/netty-transport-4.1.115.Final.jar:/home/joaomarcos11/.m2/repository/io/netty/netty-handler/4.1.115.Final/netty-handler-4.1.115.Final.jar:/home/joaomarcos11/.m2/repository/io/netty/netty-transport-native-unix-common/4.1.115.Final/netty-transport-native-unix-common-4.1.115.Final.jar:/home/joaomarcos11/.m2/repository/io/netty/netty-handler-proxy/4.1.115.Final/netty-handler-proxy-4.1.115.Final.jar:/home/joaomarcos11/.m2/repository/io/netty/netty-codec-socks/4.1.115.Final/netty-codec-socks-4.1.115.Final.jar:/home/joaomarcos11/.m2/repository/io/netty/netty-codec-http/4.1.115.Final/netty-codec-http-4.1.115.Final.jar:/home/joaomarcos11/.m2/repository/io/netty/netty-codec-http2/4.1.115.Final/netty-codec-http2-4.1.115.Final.jar:/home/joaomarcos11/.m2/repository/io/netty/netty-resolver/4.1.115.Final/netty-resolver-4.1.115.Final.jar:/home/joaomarcos11/.m2/repository/io/netty/netty-resolver-dns/4.1.115.Final/netty-resolver-dns-4.1.115.Final.jar:/home/joaomarcos11/.m2/repository/io/netty/netty-codec-dns/4.1.115.Final/netty-codec-dns-4.1.115.Final.jar:/home/joaomarcos11/.m2/repository/io/quarkus/quarkus-vertx/3.17.7/quarkus-vertx-3.17.7.jar:/home/joaomarcos11/.m2/repository/io/quarkus/quarkus-netty/3.17.7/quarkus-netty-3.17.7.jar:/home/joaomarcos11/.m2/repository/io/netty/netty-codec/4.1.115.Final/netty-codec-4.1.115.Final.jar:/home/joaomarcos11/.m2/repository/io/netty/netty-codec-haproxy/4.1.115.Final/netty-codec-haproxy-4.1.115.Final.jar:/home/joaomarcos11/.m2/repository/io/smallrye/common/smallrye-common-annotation/2.9.0/smallrye-common-annotation-2.9.0.jar:/home/joaomarcos11/.m2/repository/io/smallrye/common/smallrye-common-vertx-context/2.9.0/smallrye-common-vertx-context-2.9.0.jar:/home/joaomarcos11/.m2/repository/io/quarkus/quarkus-vertx-latebound-mdc-provider/3.17.7/quarkus-vertx-latebound-mdc-provider-3.17.7.jar:/home/joaomarcos11/.m2/repository/io/smallrye/reactive/smallrye-mutiny-vertx-core/3.16.0/smallrye-mutiny-vertx-core-3.16.0.jar:/home/joaomarcos11/.m2/repository/io/smallrye/reactive/smallrye-mutiny-vertx-runtime/3.16.0/smallrye-mutiny-vertx-runtime-3.16.0.jar:/home/joaomarcos11/.m2/repository/io/smallrye/reactive/vertx-mutiny-generator/3.16.0/vertx-mutiny-generator-3.16.0.jar:/home/joaomarcos11/.m2/repository/io/vertx/vertx-codegen/4.5.11/vertx-codegen-4.5.11.jar:/home/joaomarcos11/.m2/repository/io/smallrye/smallrye-fault-tolerance-vertx/6.6.3/smallrye-fault-tolerance-vertx-6.6.3.jar:/home/joaomarcos11/.m2/repository/org/jboss/slf4j/slf4j-jboss-logmanager/2.0.0.Final/slf4j-jboss-logmanager-2.0.0.Final.jar:/home/joaomarcos11/.m2/repository/org/glassfish/expressly/expressly/5.0.0/expressly-5.0.0.jar:/home/joaomarcos11/.m2/repository/jakarta/el/jakarta.el-api/5.0.1/jakarta.el-api-5.0.1.jar:/home/joaomarcos11/.m2/repository/io/quarkus/quarkus-mailer/3.17.7/quarkus-mailer-3.17.7.jar:/home/joaomarcos11/.m2/repository/io/quarkus/quarkus-tls-registry/3.17.7/quarkus-tls-registry-3.17.7.jar:/home/joaomarcos11/.m2/repository/io/quarkus/quarkus-credentials/3.17.7/quarkus-credentials-3.17.7.jar:/home/joaomarcos11/.m2/repository/io/quarkus/quarkus-qute/3.17.7/quarkus-qute-3.17.7.jar:/home/joaomarcos11/.m2/repository/io/quarkus/qute/qute-core/3.17.7/qute-core-3.17.7.jar:/home/joaomarcos11/.m2/repository/io/quarkus/quarkus-mutiny/3.17.7/quarkus-mutiny-3.17.7.jar:/home/joaomarcos11/.m2/repository/io/smallrye/reactive/mutiny/2.6.2/mutiny-2.6.2.jar:/home/joaomarcos11/.m2/repository/org/jctools/jctools-core/4.0.5/jctools-core-4.0.5.jar:/home/joaomarcos11/.m2/repository/io/quarkus/quarkus-smallrye-context-propagation/3.17.7/quarkus-smallrye-context-propagation-3.17.7.jar:/home/joaomarcos11/.m2/repository/io/smallrye/smallrye-context-propagation/2.1.2/smallrye-context-propagation-2.1.2.jar:/home/joaomarcos11/.m2/repository/io/smallrye/smallrye-context-propagation-api/2.1.2/smallrye-context-propagation-api-2.1.2.jar:/home/joaomarcos11/.m2/repository/io/smallrye/smallrye-context-propagation-storage/2.1.2/smallrye-context-propagation-storage-2.1.2.jar:/home/joaomarcos11/.m2/repository/io/smallrye/reactive/mutiny-smallrye-context-propagation/2.6.2/mutiny-smallrye-context-propagation-2.6.2.jar:/home/joaomarcos11/.m2/repository/io/smallrye/reactive/smallrye-mutiny-vertx-mail-client/3.16.0/smallrye-mutiny-vertx-mail-client-3.16.0.jar:/home/joaomarcos11/.m2/repository/io/vertx/vertx-mail-client/4.5.11/vertx-mail-client-4.5.11.jar:/home/joaomarcos11/.m2/repository/io/vertx/vertx-auth-common/4.5.11/vertx-auth-common-4.5.11.jar:/home/joaomarcos11/.m2/repository/com/google/code/gson/gson/2.10.1/gson-2.10.1.jar:/home/joaomarcos11/.m2/repository/io/quarkiverse/amazonservices/quarkus-amazon-sqs/3.2.0/quarkus-amazon-sqs-3.2.0.jar:/home/joaomarcos11/.m2/repository/io/quarkiverse/amazonservices/quarkus-amazon-common/3.2.0/quarkus-amazon-common-3.2.0.jar:/home/joaomarcos11/.m2/repository/software/amazon/awssdk/sdk-core/2.27.21/sdk-core-2.27.21.jar:/home/joaomarcos11/.m2/repository/software/amazon/awssdk/checksums-spi/2.27.21/checksums-spi-2.27.21.jar:/home/joaomarcos11/.m2/repository/software/amazon/awssdk/checksums/2.27.21/checksums-2.27.21.jar:/home/joaomarcos11/.m2/repository/software/amazon/awssdk/profiles/2.27.21/profiles-2.27.21.jar:/home/joaomarcos11/.m2/repository/software/amazon/awssdk/retries/2.27.21/retries-2.27.21.jar:/home/joaomarcos11/.m2/repository/software/amazon/awssdk/aws-core/2.27.21/aws-core-2.27.21.jar:/home/joaomarcos11/.m2/repository/software/amazon/eventstream/eventstream/1.0.1/eventstream-1.0.1.jar:/home/joaomarcos11/.m2/repository/software/amazon/awssdk/regions/2.27.21/regions-2.27.21.jar:/home/joaomarcos11/.m2/repository/software/amazon/awssdk/auth/2.27.21/auth-2.27.21.jar:/home/joaomarcos11/.m2/repository/software/amazon/awssdk/http-auth-aws-eventstream/2.27.21/http-auth-aws-eventstream-2.27.21.jar:/home/joaomarcos11/.m2/repository/software/amazon/awssdk/sqs/2.27.21/sqs-2.27.21.jar:/home/joaomarcos11/.m2/repository/software/amazon/awssdk/aws-json-protocol/2.27.21/aws-json-protocol-2.27.21.jar:/home/joaomarcos11/.m2/repository/software/amazon/awssdk/third-party-jackson-core/2.27.21/third-party-jackson-core-2.27.21.jar:/home/joaomarcos11/.m2/repository/software/amazon/awssdk/protocol-core/2.27.21/protocol-core-2.27.21.jar:/home/joaomarcos11/.m2/repository/software/amazon/awssdk/http-auth-aws/2.27.21/http-auth-aws-2.27.21.jar:/home/joaomarcos11/.m2/repository/software/amazon/awssdk/http-auth-spi/2.27.21/http-auth-spi-2.27.21.jar:/home/joaomarcos11/.m2/repository/software/amazon/awssdk/http-auth/2.27.21/http-auth-2.27.21.jar:/home/joaomarcos11/.m2/repository/software/amazon/awssdk/identity-spi/2.27.21/identity-spi-2.27.21.jar:/home/joaomarcos11/.m2/repository/software/amazon/awssdk/json-utils/2.27.21/json-utils-2.27.21.jar:/home/joaomarcos11/.m2/repository/software/amazon/awssdk/endpoints-spi/2.27.21/endpoints-spi-2.27.21.jar:/home/joaomarcos11/.m2/repository/software/amazon/awssdk/retries-spi/2.27.21/retries-spi-2.27.21.jar:/home/joaomarcos11/.m2/repository/org/jboss/logging/commons-logging-jboss-logging/1.0.0.Final/commons-logging-jboss-logging-1.0.0.Final.jar:/home/joaomarcos11/.m2/repository/software/amazon/awssdk/url-connection-client/2.27.21/url-connection-client-2.27.21.jar:/home/joaomarcos11/.m2/repository/software/amazon/awssdk/utils/2.27.21/utils-2.27.21.jar:/home/joaomarcos11/.m2/repository/org/reactivestreams/reactive-streams/1.0.4/reactive-streams-1.0.4.jar:/home/joaomarcos11/.m2/repository/software/amazon/awssdk/annotations/2.27.21/annotations-2.27.21.jar:/home/joaomarcos11/.m2/repository/software/amazon/awssdk/http-client-spi/2.27.21/http-client-spi-2.27.21.jar:/home/joaomarcos11/.m2/repository/software/amazon/awssdk/aws-crt-client/2.27.21/aws-crt-client-2.27.21.jar:/home/joaomarcos11/.m2/repository/software/amazon/awssdk/crt/aws-crt/0.30.9/aws-crt-0.30.9.jar:/home/joaomarcos11/.m2/repository/software/amazon/awssdk/metrics-spi/2.27.21/metrics-spi-2.27.21.jar:/home/joaomarcos11/.m2/repository/software/amazon/awssdk/crt-core/2.27.21/crt-core-2.27.21.jar:/home/joaomarcos11/.m2/repository/commons-logging/commons-logging/1.2/commons-logging-1.2.jar:/home/joaomarcos11/.m2/repository/io/quarkus/quarkus-hibernate-orm/3.17.7/quarkus-hibernate-orm-3.17.7.jar:/home/joaomarcos11/.m2/repository/io/quarkus/quarkus-agroal/3.17.7/quarkus-agroal-3.17.7.jar:/home/joaomarcos11/.m2/repository/io/quarkus/quarkus-datasource/3.17.7/quarkus-datasource-3.17.7.jar:/home/joaomarcos11/.m2/repository/io/agroal/agroal-api/2.5/agroal-api-2.5.jar:/home/joaomarcos11/.m2/repository/io/agroal/agroal-narayana/2.5/agroal-narayana-2.5.jar:/home/joaomarcos11/.m2/repository/org/jboss/jboss-transaction-spi/8.0.0.Final/jboss-transaction-spi-8.0.0.Final.jar:/home/joaomarcos11/.m2/repository/io/agroal/agroal-pool/2.5/agroal-pool-2.5.jar:/home/joaomarcos11/.m2/repository/io/quarkus/quarkus-narayana-jta/3.17.7/quarkus-narayana-jta-3.17.7.jar:/home/joaomarcos11/.m2/repository/io/quarkus/quarkus-transaction-annotations/3.17.7/quarkus-transaction-annotations-3.17.7.jar:/home/joaomarcos11/.m2/repository/io/quarkus/quarkus-datasource-common/3.17.7/quarkus-datasource-common-3.17.7.jar:/home/joaomarcos11/.m2/repository/io/smallrye/smallrye-context-propagation-jta/2.1.2/smallrye-context-propagation-jta-2.1.2.jar:/home/joaomarcos11/.m2/repository/io/smallrye/reactive/smallrye-reactive-converter-api/3.0.1/smallrye-reactive-converter-api-3.0.1.jar:/home/joaomarcos11/.m2/repository/io/smallrye/reactive/smallrye-reactive-converter-mutiny/3.0.1/smallrye-reactive-converter-mutiny-3.0.1.jar:/home/joaomarcos11/.m2/repository/io/smallrye/reactive/mutiny-zero-flow-adapters/1.1.0/mutiny-zero-flow-adapters-1.1.0.jar:/home/joaomarcos11/.m2/repository/org/jboss/narayana/jta/narayana-jta/7.1.0.Final/narayana-jta-7.1.0.Final.jar:/home/joaomarcos11/.m2/repository/jakarta/resource/jakarta.resource-api/2.1.0/jakarta.resource-api-2.1.0.jar:/home/joaomarcos11/.m2/repository/org/jboss/invocation/jboss-invocation/2.0.0.Final/jboss-invocation-2.0.0.Final.jar:/home/joaomarcos11/.m2/repository/org/eclipse/microprofile/reactive-streams-operators/microprofile-reactive-streams-operators-api/3.0.1/microprofile-reactive-streams-operators-api-3.0.1.jar:/home/joaomarcos11/.m2/repository/org/jboss/narayana/jts/narayana-jts-integration/7.1.0.Final/narayana-jts-integration-7.1.0.Final.jar:/home/joaomarcos11/.m2/repository/org/hibernate/orm/hibernate-core/6.6.4.Final/hibernate-core-6.6.4.Final.jar:/home/joaomarcos11/.m2/repository/com/fasterxml/classmate/1.7.0/classmate-1.7.0.jar:/home/joaomarcos11/.m2/repository/org/antlr/antlr4-runtime/4.13.0/antlr4-runtime-4.13.0.jar:/home/joaomarcos11/.m2/repository/net/bytebuddy/byte-buddy/1.14.18/byte-buddy-1.14.18.jar:/home/joaomarcos11/.m2/repository/org/hibernate/common/hibernate-commons-annotations/7.0.3.Final/hibernate-commons-annotations-7.0.3.Final.jar:/home/joaomarcos11/.m2/repository/org/hibernate/orm/hibernate-graalvm/6.6.4.Final/hibernate-graalvm-6.6.4.Final.jar:/home/joaomarcos11/.m2/repository/org/glassfish/jaxb/jaxb-runtime/4.0.5/jaxb-runtime-4.0.5.jar:/home/joaomarcos11/.m2/repository/org/glassfish/jaxb/jaxb-core/4.0.5/jaxb-core-4.0.5.jar:/home/joaomarcos11/.m2/repository/org/eclipse/angus/angus-activation/2.0.2/angus-activation-2.0.2.jar:/home/joaomarcos11/.m2/repository/org/glassfish/jaxb/txw2/4.0.5/txw2-4.0.5.jar:/home/joaomarcos11/.m2/repository/com/sun/istack/istack-commons-runtime/4.1.2/istack-commons-runtime-4.1.2.jar:/home/joaomarcos11/.m2/repository/jakarta/xml/bind/jakarta.xml.bind-api/4.0.2/jakarta.xml.bind-api-4.0.2.jar:/home/joaomarcos11/.m2/repository/jakarta/activation/jakarta.activation-api/2.1.3/jakarta.activation-api-2.1.3.jar:/home/joaomarcos11/.m2/repository/jakarta/persistence/jakarta.persistence-api/3.1.0/jakarta.persistence-api-3.1.0.jar:/home/joaomarcos11/.m2/repository/jakarta/transaction/jakarta.transaction-api/2.0.1/jakarta.transaction-api-2.0.1.jar:/home/joaomarcos11/.m2/repository/org/hibernate/quarkus-local-cache/0.3.0/quarkus-local-cache-0.3.0.jar:/home/joaomarcos11/.m2/repository/io/quarkus/quarkus-caffeine/3.17.7/quarkus-caffeine-3.17.7.jar:/home/joaomarcos11/.m2/repository/com/github/ben-manes/caffeine/caffeine/3.1.8/caffeine-3.1.8.jar:/home/joaomarcos11/.m2/repository/com/google/errorprone/error_prone_annotations/2.35.1/error_prone_annotations-2.35.1.jar:/home/joaomarcos11/.m2/repository/io/quarkus/quarkus-hibernate-orm-panache/3.17.7/quarkus-hibernate-orm-panache-3.17.7.jar:/home/joaomarcos11/.m2/repository/io/quarkus/quarkus-hibernate-orm-panache-common/3.17.7/quarkus-hibernate-orm-panache-common-3.17.7.jar:/home/joaomarcos11/.m2/repository/io/quarkus/quarkus-panache-hibernate-common/3.17.7/quarkus-panache-hibernate-common-3.17.7.jar:/home/joaomarcos11/.m2/repository/io/quarkus/quarkus-panache-common/3.17.7/quarkus-panache-common-3.17.7.jar:/home/joaomarcos11/.m2/repository/io/quarkus/quarkus-arc/3.17.7/quarkus-arc-3.17.7.jar:/home/joaomarcos11/.m2/repository/io/quarkus/arc/arc/3.17.7/arc-3.17.7.jar:/home/joaomarcos11/.m2/repository/org/eclipse/microprofile/context-propagation/microprofile-context-propagation-api/1.3/microprofile-context-propagation-api-1.3.jar:/home/joaomarcos11/.m2/repository/io/quarkus/quarkus-junit5/3.17.7/quarkus-junit5-3.17.7.jar:/home/joaomarcos11/.m2/repository/io/quarkus/quarkus-bootstrap-core/3.17.7/quarkus-bootstrap-core-3.17.7.jar:/home/joaomarcos11/.m2/repository/io/quarkus/quarkus-classloader-commons/3.17.7/quarkus-classloader-commons-3.17.7.jar:/home/joaomarcos11/.m2/repository/io/quarkus/quarkus-bootstrap-app-model/3.17.7/quarkus-bootstrap-app-model-3.17.7.jar:/home/joaomarcos11/.m2/repository/io/smallrye/common/smallrye-common-io/2.9.0/smallrye-common-io-2.9.0.jar:/home/joaomarcos11/.m2/repository/org/eclipse/sisu/org.eclipse.sisu.inject/0.9.0.M3/org.eclipse.sisu.inject-0.9.0.M3.jar:/home/joaomarcos11/.m2/repository/io/quarkus/quarkus-junit5-properties/3.17.7/quarkus-junit5-properties-3.17.7.jar:/home/joaomarcos11/.m2/repository/org/junit/jupiter/junit-jupiter/5.10.5/junit-jupiter-5.10.5.jar:/home/joaomarcos11/.m2/repository/org/junit/jupiter/junit-jupiter-api/5.10.5/junit-jupiter-api-5.10.5.jar:/home/joaomarcos11/.m2/repository/org/opentest4j/opentest4j/1.3.0/opentest4j-1.3.0.jar:/home/joaomarcos11/.m2/repository/org/junit/platform/junit-platform-commons/1.10.5/junit-platform-commons-1.10.5.jar:/home/joaomarcos11/.m2/repository/org/apiguardian/apiguardian-api/1.1.2/apiguardian-api-1.1.2.jar:/home/joaomarcos11/.m2/repository/org/junit/jupiter/junit-jupiter-params/5.10.5/junit-jupiter-params-5.10.5.jar:/home/joaomarcos11/.m2/repository/org/junit/jupiter/junit-jupiter-engine/5.10.5/junit-jupiter-engine-5.10.5.jar:/home/joaomarcos11/.m2/repository/org/junit/platform/junit-platform-engine/1.10.5/junit-platform-engine-1.10.5.jar:/home/joaomarcos11/.m2/repository/org/jboss/marshalling/jboss-marshalling/2.2.1.Final/jboss-marshalling-2.2.1.Final.jar:/home/joaomarcos11/.m2/repository/io/quarkus/quarkus-resteasy/3.17.7/quarkus-resteasy-3.17.7.jar:/home/joaomarcos11/.m2/repository/io/quarkus/quarkus-vertx-http/3.17.7/quarkus-vertx-http-3.17.7.jar:/home/joaomarcos11/.m2/repository/io/quarkus/quarkus-security-runtime-spi/3.17.7/quarkus-security-runtime-spi-3.17.7.jar:/home/joaomarcos11/.m2/repository/io/quarkus/security/quarkus-security/2.2.0/quarkus-security-2.2.0.jar:/home/joaomarcos11/.m2/repository/io/smallrye/reactive/smallrye-mutiny-vertx-web/3.16.0/smallrye-mutiny-vertx-web-3.16.0.jar:/home/joaomarcos11/.m2/repository/io/smallrye/reactive/smallrye-mutiny-vertx-web-common/3.16.0/smallrye-mutiny-vertx-web-common-3.16.0.jar:/home/joaomarcos11/.m2/repository/io/smallrye/reactive/smallrye-mutiny-vertx-auth-common/3.16.0/smallrye-mutiny-vertx-auth-common-3.16.0.jar:/home/joaomarcos11/.m2/repository/io/smallrye/reactive/smallrye-mutiny-vertx-bridge-common/3.16.0/smallrye-mutiny-vertx-bridge-common-3.16.0.jar:/home/joaomarcos11/.m2/repository/io/smallrye/reactive/smallrye-mutiny-vertx-uri-template/3.16.0/smallrye-mutiny-vertx-uri-template-3.16.0.jar:/home/joaomarcos11/.m2/repository/io/vertx/vertx-uri-template/4.5.11/vertx-uri-template-4.5.11.jar:/home/joaomarcos11/.m2/repository/io/vertx/vertx-web/4.5.11/vertx-web-4.5.11.jar:/home/joaomarcos11/.m2/repository/io/vertx/vertx-web-common/4.5.11/vertx-web-common-4.5.11.jar:/home/joaomarcos11/.m2/repository/io/vertx/vertx-bridge-common/4.5.11/vertx-bridge-common-4.5.11.jar:/home/joaomarcos11/.m2/repository/io/github/crac/org-crac/0.1.3/org-crac-0.1.3.jar:/home/joaomarcos11/.m2/repository/com/aayushatharva/brotli4j/brotli4j/1.16.0/brotli4j-1.16.0.jar:/home/joaomarcos11/.m2/repository/com/aayushatharva/brotli4j/service/1.16.0/service-1.16.0.jar:/home/joaomarcos11/.m2/repository/com/aayushatharva/brotli4j/native-linux-x86_64/1.16.0/native-linux-x86_64-1.16.0.jar:/home/joaomarcos11/.m2/repository/io/quarkus/vertx/utils/quarkus-vertx-utils/3.17.7/quarkus-vertx-utils-3.17.7.jar:/home/joaomarcos11/.m2/repository/io/quarkus/quarkus-resteasy-server-common/3.17.7/quarkus-resteasy-server-common-3.17.7.jar:/home/joaomarcos11/.m2/repository/io/quarkus/quarkus-resteasy-common/3.17.7/quarkus-resteasy-common-3.17.7.jar:/home/joaomarcos11/.m2/repository/jakarta/ws/rs/jakarta.ws.rs-api/3.1.0/jakarta.ws.rs-api-3.1.0.jar:/home/joaomarcos11/.m2/repository/org/jboss/resteasy/microprofile/microprofile-config/3.0.0.Final/microprofile-config-3.0.0.Final.jar:/home/joaomarcos11/.m2/repository/jakarta/servlet/jakarta.servlet-api/6.0.0/jakarta.servlet-api-6.0.0.jar:/home/joaomarcos11/.m2/repository/org/jboss/resteasy/resteasy-cdi/6.2.11.Final/resteasy-cdi-6.2.11.Final.jar:/home/joaomarcos11/.m2/repository/jakarta/validation/jakarta.validation-api/3.0.2/jakarta.validation-api-3.0.2.jar:/home/joaomarcos11/.m2/repository/io/quarkus/quarkus-resteasy-jackson/3.17.7/quarkus-resteasy-jackson-3.17.7.jar:/home/joaomarcos11/.m2/repository/io/quarkus/quarkus-jackson/3.17.7/quarkus-jackson-3.17.7.jar:/home/joaomarcos11/.m2/repository/com/fasterxml/jackson/core/jackson-databind/2.18.2/jackson-databind-2.18.2.jar:/home/joaomarcos11/.m2/repository/com/fasterxml/jackson/datatype/jackson-datatype-jsr310/2.18.2/jackson-datatype-jsr310-2.18.2.jar:/home/joaomarcos11/.m2/repository/com/fasterxml/jackson/datatype/jackson-datatype-jdk8/2.18.2/jackson-datatype-jdk8-2.18.2.jar:/home/joaomarcos11/.m2/repository/com/fasterxml/jackson/module/jackson-module-parameter-names/2.18.2/jackson-module-parameter-names-2.18.2.jar:/home/joaomarcos11/.m2/repository/org/jboss/resteasy/resteasy-jackson2-provider/6.2.11.Final/resteasy-jackson2-provider-6.2.11.Final.jar:/home/joaomarcos11/.m2/repository/org/jboss/resteasy/resteasy-core-spi/6.2.11.Final/resteasy-core-spi-6.2.11.Final.jar:/home/joaomarcos11/.m2/repository/org/jboss/resteasy/resteasy-core/6.2.11.Final/resteasy-core-6.2.11.Final.jar:/home/joaomarcos11/.m2/repository/com/ibm/async/asyncutil/0.1.0/asyncutil-0.1.0.jar:/home/joaomarcos11/.m2/repository/com/fasterxml/jackson/core/jackson-core/2.18.2/jackson-core-2.18.2.jar:/home/joaomarcos11/.m2/repository/com/fasterxml/jackson/core/jackson-annotations/2.18.2/jackson-annotations-2.18.2.jar:/home/joaomarcos11/.m2/repository/com/fasterxml/jackson/jakarta/rs/jackson-jakarta-rs-base/2.18.2/jackson-jakarta-rs-base-2.18.2.jar:/home/joaomarcos11/.m2/repository/com/fasterxml/jackson/jakarta/rs/jackson-jakarta-rs-json-provider/2.18.2/jackson-jakarta-rs-json-provider-2.18.2.jar:/home/joaomarcos11/.m2/repository/com/fasterxml/jackson/module/jackson-module-jakarta-xmlbind-annotations/2.18.2/jackson-module-jakarta-xmlbind-annotations-2.18.2.jar:/home/joaomarcos11/.m2/repository/com/github/java-json-tools/json-patch/1.13/json-patch-1.13.jar:/home/joaomarcos11/.m2/repository/com/github/java-json-tools/msg-simple/1.2/msg-simple-1.2.jar:/home/joaomarcos11/.m2/repository/com/github/java-json-tools/btf/1.3/btf-1.3.jar:/home/joaomarcos11/.m2/repository/com/github/java-json-tools/jackson-coreutils/2.0/jackson-coreutils-2.0.jar:/home/joaomarcos11/.m2/repository/io/quarkus/quarkus-test-common/3.17.7/quarkus-test-common-3.17.7.jar:/home/joaomarcos11/.m2/repository/io/quarkus/quarkus-core-deployment/3.17.7/quarkus-core-deployment-3.17.7.jar:/home/joaomarcos11/.m2/repository/org/aesh/readline/2.6/readline-2.6.jar:/home/joaomarcos11/.m2/repository/org/fusesource/jansi/jansi/2.4.0/jansi-2.4.0.jar:/home/joaomarcos11/.m2/repository/org/aesh/aesh/2.8.2/aesh-2.8.2.jar:/home/joaomarcos11/.m2/repository/org/apache/commons/commons-lang3/3.17.0/commons-lang3-3.17.0.jar:/home/joaomarcos11/.m2/repository/io/quarkus/gizmo/gizmo/1.8.0/gizmo-1.8.0.jar:/home/joaomarcos11/.m2/repository/org/ow2/asm/asm-util/9.7.1/asm-util-9.7.1.jar:/home/joaomarcos11/.m2/repository/org/ow2/asm/asm-analysis/9.7.1/asm-analysis-9.7.1.jar:/home/joaomarcos11/.m2/repository/io/quarkus/quarkus-hibernate-validator-spi/3.17.7/quarkus-hibernate-validator-spi-3.17.7.jar:/home/joaomarcos11/.m2/repository/io/quarkus/quarkus-class-change-agent/3.17.7/quarkus-class-change-agent-3.17.7.jar:/home/joaomarcos11/.m2/repository/io/quarkus/quarkus-devtools-utilities/3.17.7/quarkus-devtools-utilities-3.17.7.jar:/home/joaomarcos11/.m2/repository/io/quarkus/quarkus-builder/3.17.7/quarkus-builder-3.17.7.jar:/home/joaomarcos11/.m2/repository/org/graalvm/sdk/nativeimage/23.1.2/nativeimage-23.1.2.jar:/home/joaomarcos11/.m2/repository/org/graalvm/sdk/word/23.1.2/word-23.1.2.jar:/home/joaomarcos11/.m2/repository/org/junit/platform/junit-platform-launcher/1.10.5/junit-platform-launcher-1.10.5.jar:/home/joaomarcos11/.m2/repository/io/quarkus/quarkus-bootstrap-maven-resolver/3.17.7/quarkus-bootstrap-maven-resolver-3.17.7.jar:/home/joaomarcos11/.m2/repository/io/smallrye/beanbag/smallrye-beanbag-maven/1.5.2/smallrye-beanbag-maven-1.5.2.jar:/home/joaomarcos11/.m2/repository/io/smallrye/beanbag/smallrye-beanbag-sisu/1.5.2/smallrye-beanbag-sisu-1.5.2.jar:/home/joaomarcos11/.m2/repository/io/smallrye/beanbag/smallrye-beanbag/1.5.2/smallrye-beanbag-1.5.2.jar:/home/joaomarcos11/.m2/repository/commons-codec/commons-codec/1.17.2/commons-codec-1.17.2.jar:/home/joaomarcos11/.m2/repository/javax/inject/javax.inject/1/javax.inject-1.jar:/home/joaomarcos11/.m2/repository/org/apache/httpcomponents/httpclient/4.5.14/httpclient-4.5.14.jar:/home/joaomarcos11/.m2/repository/org/apache/httpcomponents/httpcore/4.4.16/httpcore-4.4.16.jar:/home/joaomarcos11/.m2/repository/org/apache/maven/maven-artifact/3.9.9/maven-artifact-3.9.9.jar:/home/joaomarcos11/.m2/repository/org/apache/maven/maven-builder-support/3.9.9/maven-builder-support-3.9.9.jar:/home/joaomarcos11/.m2/repository/org/apache/maven/maven-model/3.9.9/maven-model-3.9.9.jar:/home/joaomarcos11/.m2/repository/org/apache/maven/maven-model-builder/3.9.9/maven-model-builder-3.9.9.jar:/home/joaomarcos11/.m2/repository/org/apache/maven/maven-repository-metadata/3.9.9/maven-repository-metadata-3.9.9.jar:/home/joaomarcos11/.m2/repository/org/apache/maven/maven-settings/3.9.9/maven-settings-3.9.9.jar:/home/joaomarcos11/.m2/repository/org/apache/maven/resolver/maven-resolver-api/1.9.22/maven-resolver-api-1.9.22.jar:/home/joaomarcos11/.m2/repository/org/apache/maven/resolver/maven-resolver-impl/1.9.22/maven-resolver-impl-1.9.22.jar:/home/joaomarcos11/.m2/repository/org/apache/maven/resolver/maven-resolver-named-locks/1.9.22/maven-resolver-named-locks-1.9.22.jar:/home/joaomarcos11/.m2/repository/org/apache/maven/resolver/maven-resolver-spi/1.9.22/maven-resolver-spi-1.9.22.jar:/home/joaomarcos11/.m2/repository/org/apache/maven/resolver/maven-resolver-util/1.9.22/maven-resolver-util-1.9.22.jar:/home/joaomarcos11/.m2/repository/org/apache/maven/resolver/maven-resolver-transport-http/1.9.20/maven-resolver-transport-http-1.9.20.jar:/home/joaomarcos11/.m2/repository/org/apache/maven/wagon/wagon-provider-api/3.5.3/wagon-provider-api-3.5.3.jar:/home/joaomarcos11/.m2/repository/org/apache/maven/wagon/wagon-http-shared/3.5.3/wagon-http-shared-3.5.3.jar:/home/joaomarcos11/.m2/repository/org/codehaus/plexus/plexus-interpolation/1.26/plexus-interpolation-1.26.jar:/home/joaomarcos11/.m2/repository/org/codehaus/plexus/plexus-utils/3.5.1/plexus-utils-3.5.1.jar:/home/joaomarcos11/.m2/repository/org/codehaus/plexus/plexus-xml/4.0.1/plexus-xml-4.0.1.jar:/home/joaomarcos11/.m2/repository/org/apache/maven/maven-xml-impl/4.0.0-alpha-5/maven-xml-impl-4.0.0-alpha-5.jar:/home/joaomarcos11/.m2/repository/org/apache/maven/maven-api-xml/4.0.0-alpha-5/maven-api-xml-4.0.0-alpha-5.jar:/home/joaomarcos11/.m2/repository/org/apache/maven/maven-api-meta/4.0.0-alpha-5/maven-api-meta-4.0.0-alpha-5.jar:/home/joaomarcos11/.m2/repository/org/codehaus/plexus/plexus-cipher/2.0/plexus-cipher-2.0.jar:/home/joaomarcos11/.m2/repository/org/codehaus/plexus/plexus-sec-dispatcher/2.0/plexus-sec-dispatcher-2.0.jar:/home/joaomarcos11/.m2/repository/org/apache/maven/maven-embedder/3.9.9/maven-embedder-3.9.9.jar:/home/joaomarcos11/.m2/repository/org/apache/maven/maven-core/3.9.9/maven-core-3.9.9.jar:/home/joaomarcos11/.m2/repository/org/codehaus/plexus/plexus-component-annotations/2.1.0/plexus-component-annotations-2.1.0.jar:/home/joaomarcos11/.m2/repository/org/apache/maven/maven-plugin-api/3.9.9/maven-plugin-api-3.9.9.jar:/home/joaomarcos11/.m2/repository/org/apache/maven/shared/maven-shared-utils/3.4.2/maven-shared-utils-3.4.2.jar:/home/joaomarcos11/.m2/repository/com/google/inject/guice/5.1.0/guice-5.1.0.jar:/home/joaomarcos11/.m2/repository/aopalliance/aopalliance/1.0/aopalliance-1.0.jar:/home/joaomarcos11/.m2/repository/com/google/guava/guava/33.3.1-jre/guava-33.3.1-jre.jar:/home/joaomarcos11/.m2/repository/com/google/guava/failureaccess/1.0.1/failureaccess-1.0.1.jar:/home/joaomarcos11/.m2/repository/javax/annotation/javax.annotation-api/1.3.2/javax.annotation-api-1.3.2.jar:/home/joaomarcos11/.m2/repository/org/codehaus/plexus/plexus-classworlds/2.6.0/plexus-classworlds-2.6.0.jar:/home/joaomarcos11/.m2/repository/commons-cli/commons-cli/1.8.0/commons-cli-1.8.0.jar:/home/joaomarcos11/.m2/repository/org/eclipse/sisu/org.eclipse.sisu.plexus/0.9.0.M3/org.eclipse.sisu.plexus-0.9.0.M3.jar:/home/joaomarcos11/.m2/repository/org/apache/maven/maven-settings-builder/3.9.9/maven-settings-builder-3.9.9.jar:/home/joaomarcos11/.m2/repository/org/apache/maven/maven-resolver-provider/3.9.9/maven-resolver-provider-3.9.9.jar:/home/joaomarcos11/.m2/repository/org/apache/maven/resolver/maven-resolver-connector-basic/1.9.22/maven-resolver-connector-basic-1.9.22.jar:/home/joaomarcos11/.m2/repository/org/apache/maven/resolver/maven-resolver-transport-wagon/1.9.22/maven-resolver-transport-wagon-1.9.22.jar:/home/joaomarcos11/.m2/repository/org/apache/maven/wagon/wagon-http/3.5.3/wagon-http-3.5.3.jar:/home/joaomarcos11/.m2/repository/org/apache/maven/wagon/wagon-file/3.5.3/wagon-file-3.5.3.jar:/home/joaomarcos11/.m2/repository/io/quarkus/quarkus-bootstrap-gradle-resolver/3.17.7/quarkus-bootstrap-gradle-resolver-3.17.7.jar:/home/joaomarcos11/.m2/repository/io/smallrye/jandex/3.2.3/jandex-3.2.3.jar:/home/joaomarcos11/.m2/repository/commons-io/commons-io/2.17.0/commons-io-2.17.0.jar:/home/joaomarcos11/.m2/repository/org/mockito/mockito-core/5.5.0/mockito-core-5.5.0.jar:/home/joaomarcos11/.m2/repository/net/bytebuddy/byte-buddy-agent/1.14.6/byte-buddy-agent-1.14.6.jar:/home/joaomarcos11/.m2/repository/org/objenesis/objenesis/3.3/objenesis-3.3.jar:"/>
    <property name="java.vm.vendor" value="Ubuntu"/>
    <property name="sun.arch.data.model" value="64"/>
    <property name="java.vendor.url" value="https://ubuntu.com/"/>
    <property name="user.timezone" value="America/Fortaleza"/>
    <property name="logging.initial-configurator.min-level" value="500"/>
    <property name="os.name" value="Linux"/>
    <property name="java.vm.specification.version" value="21"/>
    <property name="sun.java.launcher" value="SUN_STANDARD"/>
    <property name="groovy.use.classvalue" value="false"/>
    <property name="sun.boot.library.path" value="/usr/lib/jvm/java-21-openjdk-amd64/lib"/>
    <property name="sun.java.command" value="/home/joaomarcos11/ws/fiap-soat/hackaton/mail-sender/target/surefire/surefirebooter-20250208134636629_3.jar /home/joaomarcos11/ws/fiap-soat/hackaton/mail-sender/target/surefire 2025-02-08T13-46-36_525-jvmRun1 surefire-20250208134636629_1tmp surefire_0-20250208134636629_2tmp"/>
    <property name="jdk.debug" value="release"/>
    <property name="maven.home" value="/home/joaomarcos11/.m2/wrapper/dists/apache-maven-3.9.9-bin/33b4b2b4/apache-maven-3.9.9"/>
    <property name="surefire.test.class.path" value="/home/joaomarcos11/ws/fiap-soat/hackaton/mail-sender/target/test-classes:/home/joaomarcos11/ws/fiap-soat/hackaton/mail-sender/target/classes:/home/joaomarcos11/.m2/repository/io/quarkus/quarkus-jacoco/3.17.7/quarkus-jacoco-3.17.7.jar:/home/joaomarcos11/.m2/repository/io/quarkus/quarkus-core/3.17.7/quarkus-core-3.17.7.jar:/home/joaomarcos11/.m2/repository/jakarta/annotation/jakarta.annotation-api/3.0.0/jakarta.annotation-api-3.0.0.jar:/home/joaomarcos11/.m2/repository/jakarta/enterprise/jakarta.enterprise.cdi-api/4.1.0/jakarta.enterprise.cdi-api-4.1.0.jar:/home/joaomarcos11/.m2/repository/jakarta/enterprise/jakarta.enterprise.lang-model/4.1.0/jakarta.enterprise.lang-model-4.1.0.jar:/home/joaomarcos11/.m2/repository/jakarta/interceptor/jakarta.interceptor-api/2.2.0/jakarta.interceptor-api-2.2.0.jar:/home/joaomarcos11/.m2/repository/jakarta/inject/jakarta.inject-api/2.0.1/jakarta.inject-api-2.0.1.jar:/home/joaomarcos11/.m2/repository/io/smallrye/common/smallrye-common-os/2.9.0/smallrye-common-os-2.9.0.jar:/home/joaomarcos11/.m2/repository/io/quarkus/quarkus-ide-launcher/3.17.7/quarkus-ide-launcher-3.17.7.jar:/home/joaomarcos11/.m2/repository/io/quarkus/quarkus-development-mode-spi/3.17.7/quarkus-development-mode-spi-3.17.7.jar:/home/joaomarcos11/.m2/repository/io/smallrye/config/smallrye-config/3.10.2/smallrye-config-3.10.2.jar:/home/joaomarcos11/.m2/repository/io/smallrye/config/smallrye-config-core/3.10.2/smallrye-config-core-3.10.2.jar:/home/joaomarcos11/.m2/repository/org/eclipse/microprofile/config/microprofile-config-api/3.1/microprofile-config-api-3.1.jar:/home/joaomarcos11/.m2/repository/io/smallrye/common/smallrye-common-classloader/2.9.0/smallrye-common-classloader-2.9.0.jar:/home/joaomarcos11/.m2/repository/io/smallrye/config/smallrye-config-common/3.10.2/smallrye-config-common-3.10.2.jar:/home/joaomarcos11/.m2/repository/org/jboss/logging/jboss-logging/3.6.1.Final/jboss-logging-3.6.1.Final.jar:/home/joaomarcos11/.m2/repository/org/jboss/logmanager/jboss-logmanager/3.1.1.Final/jboss-logmanager-3.1.1.Final.jar:/home/joaomarcos11/.m2/repository/io/smallrye/common/smallrye-common-constraint/2.9.0/smallrye-common-constraint-2.9.0.jar:/home/joaomarcos11/.m2/repository/io/smallrye/common/smallrye-common-cpu/2.9.0/smallrye-common-cpu-2.9.0.jar:/home/joaomarcos11/.m2/repository/io/smallrye/common/smallrye-common-expression/2.9.0/smallrye-common-expression-2.9.0.jar:/home/joaomarcos11/.m2/repository/io/smallrye/common/smallrye-common-net/2.9.0/smallrye-common-net-2.9.0.jar:/home/joaomarcos11/.m2/repository/io/smallrye/common/smallrye-common-ref/2.9.0/smallrye-common-ref-2.9.0.jar:/home/joaomarcos11/.m2/repository/jakarta/json/jakarta.json-api/2.1.3/jakarta.json-api-2.1.3.jar:/home/joaomarcos11/.m2/repository/org/eclipse/parsson/parsson/1.1.7/parsson-1.1.7.jar:/home/joaomarcos11/.m2/repository/org/jboss/logging/jboss-logging-annotations/3.0.2.Final/jboss-logging-annotations-3.0.2.Final.jar:/home/joaomarcos11/.m2/repository/org/jboss/threads/jboss-threads/3.8.0.Final/jboss-threads-3.8.0.Final.jar:/home/joaomarcos11/.m2/repository/io/smallrye/common/smallrye-common-function/2.9.0/smallrye-common-function-2.9.0.jar:/home/joaomarcos11/.m2/repository/org/slf4j/slf4j-api/2.0.6/slf4j-api-2.0.6.jar:/home/joaomarcos11/.m2/repository/org/wildfly/common/wildfly-common/1.7.0.Final/wildfly-common-1.7.0.Final.jar:/home/joaomarcos11/.m2/repository/io/quarkus/quarkus-bootstrap-runner/3.17.7/quarkus-bootstrap-runner-3.17.7.jar:/home/joaomarcos11/.m2/repository/io/quarkus/quarkus-fs-util/0.0.10/quarkus-fs-util-0.0.10.jar:/home/joaomarcos11/.m2/repository/org/jacoco/org.jacoco.core/0.8.12/org.jacoco.core-0.8.12.jar:/home/joaomarcos11/.m2/repository/org/ow2/asm/asm/9.7.1/asm-9.7.1.jar:/home/joaomarcos11/.m2/repository/org/ow2/asm/asm-tree/9.7.1/asm-tree-9.7.1.jar:/home/joaomarcos11/.m2/repository/org/jacoco/org.jacoco.report/0.8.12/org.jacoco.report-0.8.12.jar:/home/joaomarcos11/.m2/repository/org/jacoco/org.jacoco.agent/0.8.12/org.jacoco.agent-0.8.12.jar:/home/joaomarcos11/.m2/repository/org/jacoco/org.jacoco.agent/0.8.12/org.jacoco.agent-0.8.12-runtime.jar:/home/joaomarcos11/.m2/repository/org/ow2/asm/asm-commons/9.7.1/asm-commons-9.7.1.jar:/home/joaomarcos11/.m2/repository/io/quarkus/quarkus-scheduler/3.17.7/quarkus-scheduler-3.17.7.jar:/home/joaomarcos11/.m2/repository/io/quarkus/quarkus-scheduler-kotlin/3.17.7/quarkus-scheduler-kotlin-3.17.7.jar:/home/joaomarcos11/.m2/repository/io/quarkus/quarkus-scheduler-common/3.17.7/quarkus-scheduler-common-3.17.7.jar:/home/joaomarcos11/.m2/repository/io/quarkus/quarkus-scheduler-api/3.17.7/quarkus-scheduler-api-3.17.7.jar:/home/joaomarcos11/.m2/repository/io/quarkus/quarkus-scheduler-spi/3.17.7/quarkus-scheduler-spi-3.17.7.jar:/home/joaomarcos11/.m2/repository/io/opentelemetry/instrumentation/opentelemetry-instrumentation-api/2.8.0/opentelemetry-instrumentation-api-2.8.0.jar:/home/joaomarcos11/.m2/repository/io/opentelemetry/opentelemetry-api/1.42.1/opentelemetry-api-1.42.1.jar:/home/joaomarcos11/.m2/repository/io/opentelemetry/opentelemetry-context/1.42.1/opentelemetry-context-1.42.1.jar:/home/joaomarcos11/.m2/repository/io/opentelemetry/opentelemetry-api-incubator/1.42.1-alpha/opentelemetry-api-incubator-1.42.1-alpha.jar:/home/joaomarcos11/.m2/repository/io/opentelemetry/semconv/opentelemetry-semconv/1.27.0-alpha/opentelemetry-semconv-1.27.0-alpha.jar:/home/joaomarcos11/.m2/repository/com/cronutils/cron-utils/9.2.1/cron-utils-9.2.1.jar:/home/joaomarcos11/.m2/repository/io/quarkus/quarkus-virtual-threads/3.17.7/quarkus-virtual-threads-3.17.7.jar:/home/joaomarcos11/.m2/repository/io/vertx/vertx-core/4.5.11/vertx-core-4.5.11.jar:/home/joaomarcos11/.m2/repository/io/netty/netty-common/4.1.115.Final/netty-common-4.1.115.Final.jar:/home/joaomarcos11/.m2/repository/io/netty/netty-buffer/4.1.115.Final/netty-buffer-4.1.115.Final.jar:/home/joaomarcos11/.m2/repository/io/netty/netty-transport/4.1.115.Final/netty-transport-4.1.115.Final.jar:/home/joaomarcos11/.m2/repository/io/netty/netty-handler/4.1.115.Final/netty-handler-4.1.115.Final.jar:/home/joaomarcos11/.m2/repository/io/netty/netty-transport-native-unix-common/4.1.115.Final/netty-transport-native-unix-common-4.1.115.Final.jar:/home/joaomarcos11/.m2/repository/io/netty/netty-handler-proxy/4.1.115.Final/netty-handler-proxy-4.1.115.Final.jar:/home/joaomarcos11/.m2/repository/io/netty/netty-codec-socks/4.1.115.Final/netty-codec-socks-4.1.115.Final.jar:/home/joaomarcos11/.m2/repository/io/netty/netty-codec-http/4.1.115.Final/netty-codec-http-4.1.115.Final.jar:/home/joaomarcos11/.m2/repository/io/netty/netty-codec-http2/4.1.115.Final/netty-codec-http2-4.1.115.Final.jar:/home/joaomarcos11/.m2/repository/io/netty/netty-resolver/4.1.115.Final/netty-resolver-4.1.115.Final.jar:/home/joaomarcos11/.m2/repository/io/netty/netty-resolver-dns/4.1.115.Final/netty-resolver-dns-4.1.115.Final.jar:/home/joaomarcos11/.m2/repository/io/netty/netty-codec-dns/4.1.115.Final/netty-codec-dns-4.1.115.Final.jar:/home/joaomarcos11/.m2/repository/io/quarkus/quarkus-vertx/3.17.7/quarkus-vertx-3.17.7.jar:/home/joaomarcos11/.m2/repository/io/quarkus/quarkus-netty/3.17.7/quarkus-netty-3.17.7.jar:/home/joaomarcos11/.m2/repository/io/netty/netty-codec/4.1.115.Final/netty-codec-4.1.115.Final.jar:/home/joaomarcos11/.m2/repository/io/netty/netty-codec-haproxy/4.1.115.Final/netty-codec-haproxy-4.1.115.Final.jar:/home/joaomarcos11/.m2/repository/io/smallrye/common/smallrye-common-annotation/2.9.0/smallrye-common-annotation-2.9.0.jar:/home/joaomarcos11/.m2/repository/io/smallrye/common/smallrye-common-vertx-context/2.9.0/smallrye-common-vertx-context-2.9.0.jar:/home/joaomarcos11/.m2/repository/io/quarkus/quarkus-vertx-latebound-mdc-provider/3.17.7/quarkus-vertx-latebound-mdc-provider-3.17.7.jar:/home/joaomarcos11/.m2/repository/io/smallrye/reactive/smallrye-mutiny-vertx-core/3.16.0/smallrye-mutiny-vertx-core-3.16.0.jar:/home/joaomarcos11/.m2/repository/io/smallrye/reactive/smallrye-mutiny-vertx-runtime/3.16.0/smallrye-mutiny-vertx-runtime-3.16.0.jar:/home/joaomarcos11/.m2/repository/io/smallrye/reactive/vertx-mutiny-generator/3.16.0/vertx-mutiny-generator-3.16.0.jar:/home/joaomarcos11/.m2/repository/io/vertx/vertx-codegen/4.5.11/vertx-codegen-4.5.11.jar:/home/joaomarcos11/.m2/repository/io/smallrye/smallrye-fault-tolerance-vertx/6.6.3/smallrye-fault-tolerance-vertx-6.6.3.jar:/home/joaomarcos11/.m2/repository/org/jboss/slf4j/slf4j-jboss-logmanager/2.0.0.Final/slf4j-jboss-logmanager-2.0.0.Final.jar:/home/joaomarcos11/.m2/repository/org/glassfish/expressly/expressly/5.0.0/expressly-5.0.0.jar:/home/joaomarcos11/.m2/repository/jakarta/el/jakarta.el-api/5.0.1/jakarta.el-api-5.0.1.jar:/home/joaomarcos11/.m2/repository/io/quarkus/quarkus-mailer/3.17.7/quarkus-mailer-3.17.7.jar:/home/joaomarcos11/.m2/repository/io/quarkus/quarkus-tls-registry/3.17.7/quarkus-tls-registry-3.17.7.jar:/home/joaomarcos11/.m2/repository/io/quarkus/quarkus-credentials/3.17.7/quarkus-credentials-3.17.7.jar:/home/joaomarcos11/.m2/repository/io/quarkus/quarkus-qute/3.17.7/quarkus-qute-3.17.7.jar:/home/joaomarcos11/.m2/repository/io/quarkus/qute/qute-core/3.17.7/qute-core-3.17.7.jar:/home/joaomarcos11/.m2/repository/io/quarkus/quarkus-mutiny/3.17.7/quarkus-mutiny-3.17.7.jar:/home/joaomarcos11/.m2/repository/io/smallrye/reactive/mutiny/2.6.2/mutiny-2.6.2.jar:/home/joaomarcos11/.m2/repository/org/jctools/jctools-core/4.0.5/jctools-core-4.0.5.jar:/home/joaomarcos11/.m2/repository/io/quarkus/quarkus-smallrye-context-propagation/3.17.7/quarkus-smallrye-context-propagation-3.17.7.jar:/home/joaomarcos11/.m2/repository/io/smallrye/smallrye-context-propagation/2.1.2/smallrye-context-propagation-2.1.2.jar:/home/joaomarcos11/.m2/repository/io/smallrye/smallrye-context-propagation-api/2.1.2/smallrye-context-propagation-api-2.1.2.jar:/home/joaomarcos11/.m2/repository/io/smallrye/smallrye-context-propagation-storage/2.1.2/smallrye-context-propagation-storage-2.1.2.jar:/home/joaomarcos11/.m2/repository/io/smallrye/reactive/mutiny-smallrye-context-propagation/2.6.2/mutiny-smallrye-context-propagation-2.6.2.jar:/home/joaomarcos11/.m2/repository/io/smallrye/reactive/smallrye-mutiny-vertx-mail-client/3.16.0/smallrye-mutiny-vertx-mail-client-3.16.0.jar:/home/joaomarcos11/.m2/repository/io/vertx/vertx-mail-client/4.5.11/vertx-mail-client-4.5.11.jar:/home/joaomarcos11/.m2/repository/io/vertx/vertx-auth-common/4.5.11/vertx-auth-common-4.5.11.jar:/home/joaomarcos11/.m2/repository/com/google/code/gson/gson/2.10.1/gson-2.10.1.jar:/home/joaomarcos11/.m2/repository/io/quarkiverse/amazonservices/quarkus-amazon-sqs/3.2.0/quarkus-amazon-sqs-3.2.0.jar:/home/joaomarcos11/.m2/repository/io/quarkiverse/amazonservices/quarkus-amazon-common/3.2.0/quarkus-amazon-common-3.2.0.jar:/home/joaomarcos11/.m2/repository/software/amazon/awssdk/sdk-core/2.27.21/sdk-core-2.27.21.jar:/home/joaomarcos11/.m2/repository/software/amazon/awssdk/checksums-spi/2.27.21/checksums-spi-2.27.21.jar:/home/joaomarcos11/.m2/repository/software/amazon/awssdk/checksums/2.27.21/checksums-2.27.21.jar:/home/joaomarcos11/.m2/repository/software/amazon/awssdk/profiles/2.27.21/profiles-2.27.21.jar:/home/joaomarcos11/.m2/repository/software/amazon/awssdk/retries/2.27.21/retries-2.27.21.jar:/home/joaomarcos11/.m2/repository/software/amazon/awssdk/aws-core/2.27.21/aws-core-2.27.21.jar:/home/joaomarcos11/.m2/repository/software/amazon/eventstream/eventstream/1.0.1/eventstream-1.0.1.jar:/home/joaomarcos11/.m2/repository/software/amazon/awssdk/regions/2.27.21/regions-2.27.21.jar:/home/joaomarcos11/.m2/repository/software/amazon/awssdk/auth/2.27.21/auth-2.27.21.jar:/home/joaomarcos11/.m2/repository/software/amazon/awssdk/http-auth-aws-eventstream/2.27.21/http-auth-aws-eventstream-2.27.21.jar:/home/joaomarcos11/.m2/repository/software/amazon/awssdk/sqs/2.27.21/sqs-2.27.21.jar:/home/joaomarcos11/.m2/repository/software/amazon/awssdk/aws-json-protocol/2.27.21/aws-json-protocol-2.27.21.jar:/home/joaomarcos11/.m2/repository/software/amazon/awssdk/third-party-jackson-core/2.27.21/third-party-jackson-core-2.27.21.jar:/home/joaomarcos11/.m2/repository/software/amazon/awssdk/protocol-core/2.27.21/protocol-core-2.27.21.jar:/home/joaomarcos11/.m2/repository/software/amazon/awssdk/http-auth-aws/2.27.21/http-auth-aws-2.27.21.jar:/home/joaomarcos11/.m2/repository/software/amazon/awssdk/http-auth-spi/2.27.21/http-auth-spi-2.27.21.jar:/home/joaomarcos11/.m2/repository/software/amazon/awssdk/http-auth/2.27.21/http-auth-2.27.21.jar:/home/joaomarcos11/.m2/repository/software/amazon/awssdk/identity-spi/2.27.21/identity-spi-2.27.21.jar:/home/joaomarcos11/.m2/repository/software/amazon/awssdk/json-utils/2.27.21/json-utils-2.27.21.jar:/home/joaomarcos11/.m2/repository/software/amazon/awssdk/endpoints-spi/2.27.21/endpoints-spi-2.27.21.jar:/home/joaomarcos11/.m2/repository/software/amazon/awssdk/retries-spi/2.27.21/retries-spi-2.27.21.jar:/home/joaomarcos11/.m2/repository/org/jboss/logging/commons-logging-jboss-logging/1.0.0.Final/commons-logging-jboss-logging-1.0.0.Final.jar:/home/joaomarcos11/.m2/repository/software/amazon/awssdk/url-connection-client/2.27.21/url-connection-client-2.27.21.jar:/home/joaomarcos11/.m2/repository/software/amazon/awssdk/utils/2.27.21/utils-2.27.21.jar:/home/joaomarcos11/.m2/repository/org/reactivestreams/reactive-streams/1.0.4/reactive-streams-1.0.4.jar:/home/joaomarcos11/.m2/repository/software/amazon/awssdk/annotations/2.27.21/annotations-2.27.21.jar:/home/joaomarcos11/.m2/repository/software/amazon/awssdk/http-client-spi/2.27.21/http-client-spi-2.27.21.jar:/home/joaomarcos11/.m2/repository/software/amazon/awssdk/aws-crt-client/2.27.21/aws-crt-client-2.27.21.jar:/home/joaomarcos11/.m2/repository/software/amazon/awssdk/crt/aws-crt/0.30.9/aws-crt-0.30.9.jar:/home/joaomarcos11/.m2/repository/software/amazon/awssdk/metrics-spi/2.27.21/metrics-spi-2.27.21.jar:/home/joaomarcos11/.m2/repository/software/amazon/awssdk/crt-core/2.27.21/crt-core-2.27.21.jar:/home/joaomarcos11/.m2/repository/commons-logging/commons-logging/1.2/commons-logging-1.2.jar:/home/joaomarcos11/.m2/repository/io/quarkus/quarkus-hibernate-orm/3.17.7/quarkus-hibernate-orm-3.17.7.jar:/home/joaomarcos11/.m2/repository/io/quarkus/quarkus-agroal/3.17.7/quarkus-agroal-3.17.7.jar:/home/joaomarcos11/.m2/repository/io/quarkus/quarkus-datasource/3.17.7/quarkus-datasource-3.17.7.jar:/home/joaomarcos11/.m2/repository/io/agroal/agroal-api/2.5/agroal-api-2.5.jar:/home/joaomarcos11/.m2/repository/io/agroal/agroal-narayana/2.5/agroal-narayana-2.5.jar:/home/joaomarcos11/.m2/repository/org/jboss/jboss-transaction-spi/8.0.0.Final/jboss-transaction-spi-8.0.0.Final.jar:/home/joaomarcos11/.m2/repository/io/agroal/agroal-pool/2.5/agroal-pool-2.5.jar:/home/joaomarcos11/.m2/repository/io/quarkus/quarkus-narayana-jta/3.17.7/quarkus-narayana-jta-3.17.7.jar:/home/joaomarcos11/.m2/repository/io/quarkus/quarkus-transaction-annotations/3.17.7/quarkus-transaction-annotations-3.17.7.jar:/home/joaomarcos11/.m2/repository/io/quarkus/quarkus-datasource-common/3.17.7/quarkus-datasource-common-3.17.7.jar:/home/joaomarcos11/.m2/repository/io/smallrye/smallrye-context-propagation-jta/2.1.2/smallrye-context-propagation-jta-2.1.2.jar:/home/joaomarcos11/.m2/repository/io/smallrye/reactive/smallrye-reactive-converter-api/3.0.1/smallrye-reactive-converter-api-3.0.1.jar:/home/joaomarcos11/.m2/repository/io/smallrye/reactive/smallrye-reactive-converter-mutiny/3.0.1/smallrye-reactive-converter-mutiny-3.0.1.jar:/home/joaomarcos11/.m2/repository/io/smallrye/reactive/mutiny-zero-flow-adapters/1.1.0/mutiny-zero-flow-adapters-1.1.0.jar:/home/joaomarcos11/.m2/repository/org/jboss/narayana/jta/narayana-jta/7.1.0.Final/narayana-jta-7.1.0.Final.jar:/home/joaomarcos11/.m2/repository/jakarta/resource/jakarta.resource-api/2.1.0/jakarta.resource-api-2.1.0.jar:/home/joaomarcos11/.m2/repository/org/jboss/invocation/jboss-invocation/2.0.0.Final/jboss-invocation-2.0.0.Final.jar:/home/joaomarcos11/.m2/repository/org/eclipse/microprofile/reactive-streams-operators/microprofile-reactive-streams-operators-api/3.0.1/microprofile-reactive-streams-operators-api-3.0.1.jar:/home/joaomarcos11/.m2/repository/org/jboss/narayana/jts/narayana-jts-integration/7.1.0.Final/narayana-jts-integration-7.1.0.Final.jar:/home/joaomarcos11/.m2/repository/org/hibernate/orm/hibernate-core/6.6.4.Final/hibernate-core-6.6.4.Final.jar:/home/joaomarcos11/.m2/repository/com/fasterxml/classmate/1.7.0/classmate-1.7.0.jar:/home/joaomarcos11/.m2/repository/org/antlr/antlr4-runtime/4.13.0/antlr4-runtime-4.13.0.jar:/home/joaomarcos11/.m2/repository/net/bytebuddy/byte-buddy/1.14.18/byte-buddy-1.14.18.jar:/home/joaomarcos11/.m2/repository/org/hibernate/common/hibernate-commons-annotations/7.0.3.Final/hibernate-commons-annotations-7.0.3.Final.jar:/home/joaomarcos11/.m2/repository/org/hibernate/orm/hibernate-graalvm/6.6.4.Final/hibernate-graalvm-6.6.4.Final.jar:/home/joaomarcos11/.m2/repository/org/glassfish/jaxb/jaxb-runtime/4.0.5/jaxb-runtime-4.0.5.jar:/home/joaomarcos11/.m2/repository/org/glassfish/jaxb/jaxb-core/4.0.5/jaxb-core-4.0.5.jar:/home/joaomarcos11/.m2/repository/org/eclipse/angus/angus-activation/2.0.2/angus-activation-2.0.2.jar:/home/joaomarcos11/.m2/repository/org/glassfish/jaxb/txw2/4.0.5/txw2-4.0.5.jar:/home/joaomarcos11/.m2/repository/com/sun/istack/istack-commons-runtime/4.1.2/istack-commons-runtime-4.1.2.jar:/home/joaomarcos11/.m2/repository/jakarta/xml/bind/jakarta.xml.bind-api/4.0.2/jakarta.xml.bind-api-4.0.2.jar:/home/joaomarcos11/.m2/repository/jakarta/activation/jakarta.activation-api/2.1.3/jakarta.activation-api-2.1.3.jar:/home/joaomarcos11/.m2/repository/jakarta/persistence/jakarta.persistence-api/3.1.0/jakarta.persistence-api-3.1.0.jar:/home/joaomarcos11/.m2/repository/jakarta/transaction/jakarta.transaction-api/2.0.1/jakarta.transaction-api-2.0.1.jar:/home/joaomarcos11/.m2/repository/org/hibernate/quarkus-local-cache/0.3.0/quarkus-local-cache-0.3.0.jar:/home/joaomarcos11/.m2/repository/io/quarkus/quarkus-caffeine/3.17.7/quarkus-caffeine-3.17.7.jar:/home/joaomarcos11/.m2/repository/com/github/ben-manes/caffeine/caffeine/3.1.8/caffeine-3.1.8.jar:/home/joaomarcos11/.m2/repository/com/google/errorprone/error_prone_annotations/2.35.1/error_prone_annotations-2.35.1.jar:/home/joaomarcos11/.m2/repository/io/quarkus/quarkus-hibernate-orm-panache/3.17.7/quarkus-hibernate-orm-panache-3.17.7.jar:/home/joaomarcos11/.m2/repository/io/quarkus/quarkus-hibernate-orm-panache-common/3.17.7/quarkus-hibernate-orm-panache-common-3.17.7.jar:/home/joaomarcos11/.m2/repository/io/quarkus/quarkus-panache-hibernate-common/3.17.7/quarkus-panache-hibernate-common-3.17.7.jar:/home/joaomarcos11/.m2/repository/io/quarkus/quarkus-panache-common/3.17.7/quarkus-panache-common-3.17.7.jar:/home/joaomarcos11/.m2/repository/io/quarkus/quarkus-arc/3.17.7/quarkus-arc-3.17.7.jar:/home/joaomarcos11/.m2/repository/io/quarkus/arc/arc/3.17.7/arc-3.17.7.jar:/home/joaomarcos11/.m2/repository/org/eclipse/microprofile/context-propagation/microprofile-context-propagation-api/1.3/microprofile-context-propagation-api-1.3.jar:/home/joaomarcos11/.m2/repository/io/quarkus/quarkus-junit5/3.17.7/quarkus-junit5-3.17.7.jar:/home/joaomarcos11/.m2/repository/io/quarkus/quarkus-bootstrap-core/3.17.7/quarkus-bootstrap-core-3.17.7.jar:/home/joaomarcos11/.m2/repository/io/quarkus/quarkus-classloader-commons/3.17.7/quarkus-classloader-commons-3.17.7.jar:/home/joaomarcos11/.m2/repository/io/quarkus/quarkus-bootstrap-app-model/3.17.7/quarkus-bootstrap-app-model-3.17.7.jar:/home/joaomarcos11/.m2/repository/io/smallrye/common/smallrye-common-io/2.9.0/smallrye-common-io-2.9.0.jar:/home/joaomarcos11/.m2/repository/org/eclipse/sisu/org.eclipse.sisu.inject/0.9.0.M3/org.eclipse.sisu.inject-0.9.0.M3.jar:/home/joaomarcos11/.m2/repository/io/quarkus/quarkus-junit5-properties/3.17.7/quarkus-junit5-properties-3.17.7.jar:/home/joaomarcos11/.m2/repository/org/junit/jupiter/junit-jupiter/5.10.5/junit-jupiter-5.10.5.jar:/home/joaomarcos11/.m2/repository/org/junit/jupiter/junit-jupiter-api/5.10.5/junit-jupiter-api-5.10.5.jar:/home/joaomarcos11/.m2/repository/org/opentest4j/opentest4j/1.3.0/opentest4j-1.3.0.jar:/home/joaomarcos11/.m2/repository/org/junit/platform/junit-platform-commons/1.10.5/junit-platform-commons-1.10.5.jar:/home/joaomarcos11/.m2/repository/org/apiguardian/apiguardian-api/1.1.2/apiguardian-api-1.1.2.jar:/home/joaomarcos11/.m2/repository/org/junit/jupiter/junit-jupiter-params/5.10.5/junit-jupiter-params-5.10.5.jar:/home/joaomarcos11/.m2/repository/org/junit/jupiter/junit-jupiter-engine/5.10.5/junit-jupiter-engine-5.10.5.jar:/home/joaomarcos11/.m2/repository/org/junit/platform/junit-platform-engine/1.10.5/junit-platform-engine-1.10.5.jar:/home/joaomarcos11/.m2/repository/org/jboss/marshalling/jboss-marshalling/2.2.1.Final/jboss-marshalling-2.2.1.Final.jar:/home/joaomarcos11/.m2/repository/io/quarkus/quarkus-resteasy/3.17.7/quarkus-resteasy-3.17.7.jar:/home/joaomarcos11/.m2/repository/io/quarkus/quarkus-vertx-http/3.17.7/quarkus-vertx-http-3.17.7.jar:/home/joaomarcos11/.m2/repository/io/quarkus/quarkus-security-runtime-spi/3.17.7/quarkus-security-runtime-spi-3.17.7.jar:/home/joaomarcos11/.m2/repository/io/quarkus/security/quarkus-security/2.2.0/quarkus-security-2.2.0.jar:/home/joaomarcos11/.m2/repository/io/smallrye/reactive/smallrye-mutiny-vertx-web/3.16.0/smallrye-mutiny-vertx-web-3.16.0.jar:/home/joaomarcos11/.m2/repository/io/smallrye/reactive/smallrye-mutiny-vertx-web-common/3.16.0/smallrye-mutiny-vertx-web-common-3.16.0.jar:/home/joaomarcos11/.m2/repository/io/smallrye/reactive/smallrye-mutiny-vertx-auth-common/3.16.0/smallrye-mutiny-vertx-auth-common-3.16.0.jar:/home/joaomarcos11/.m2/repository/io/smallrye/reactive/smallrye-mutiny-vertx-bridge-common/3.16.0/smallrye-mutiny-vertx-bridge-common-3.16.0.jar:/home/joaomarcos11/.m2/repository/io/smallrye/reactive/smallrye-mutiny-vertx-uri-template/3.16.0/smallrye-mutiny-vertx-uri-template-3.16.0.jar:/home/joaomarcos11/.m2/repository/io/vertx/vertx-uri-template/4.5.11/vertx-uri-template-4.5.11.jar:/home/joaomarcos11/.m2/repository/io/vertx/vertx-web/4.5.11/vertx-web-4.5.11.jar:/home/joaomarcos11/.m2/repository/io/vertx/vertx-web-common/4.5.11/vertx-web-common-4.5.11.jar:/home/joaomarcos11/.m2/repository/io/vertx/vertx-bridge-common/4.5.11/vertx-bridge-common-4.5.11.jar:/home/joaomarcos11/.m2/repository/io/github/crac/org-crac/0.1.3/org-crac-0.1.3.jar:/home/joaomarcos11/.m2/repository/com/aayushatharva/brotli4j/brotli4j/1.16.0/brotli4j-1.16.0.jar:/home/joaomarcos11/.m2/repository/com/aayushatharva/brotli4j/service/1.16.0/service-1.16.0.jar:/home/joaomarcos11/.m2/repository/com/aayushatharva/brotli4j/native-linux-x86_64/1.16.0/native-linux-x86_64-1.16.0.jar:/home/joaomarcos11/.m2/repository/io/quarkus/vertx/utils/quarkus-vertx-utils/3.17.7/quarkus-vertx-utils-3.17.7.jar:/home/joaomarcos11/.m2/repository/io/quarkus/quarkus-resteasy-server-common/3.17.7/quarkus-resteasy-server-common-3.17.7.jar:/home/joaomarcos11/.m2/repository/io/quarkus/quarkus-resteasy-common/3.17.7/quarkus-resteasy-common-3.17.7.jar:/home/joaomarcos11/.m2/repository/jakarta/ws/rs/jakarta.ws.rs-api/3.1.0/jakarta.ws.rs-api-3.1.0.jar:/home/joaomarcos11/.m2/repository/org/jboss/resteasy/microprofile/microprofile-config/3.0.0.Final/microprofile-config-3.0.0.Final.jar:/home/joaomarcos11/.m2/repository/jakarta/servlet/jakarta.servlet-api/6.0.0/jakarta.servlet-api-6.0.0.jar:/home/joaomarcos11/.m2/repository/org/jboss/resteasy/resteasy-cdi/6.2.11.Final/resteasy-cdi-6.2.11.Final.jar:/home/joaomarcos11/.m2/repository/jakarta/validation/jakarta.validation-api/3.0.2/jakarta.validation-api-3.0.2.jar:/home/joaomarcos11/.m2/repository/io/quarkus/quarkus-resteasy-jackson/3.17.7/quarkus-resteasy-jackson-3.17.7.jar:/home/joaomarcos11/.m2/repository/io/quarkus/quarkus-jackson/3.17.7/quarkus-jackson-3.17.7.jar:/home/joaomarcos11/.m2/repository/com/fasterxml/jackson/core/jackson-databind/2.18.2/jackson-databind-2.18.2.jar:/home/joaomarcos11/.m2/repository/com/fasterxml/jackson/datatype/jackson-datatype-jsr310/2.18.2/jackson-datatype-jsr310-2.18.2.jar:/home/joaomarcos11/.m2/repository/com/fasterxml/jackson/datatype/jackson-datatype-jdk8/2.18.2/jackson-datatype-jdk8-2.18.2.jar:/home/joaomarcos11/.m2/repository/com/fasterxml/jackson/module/jackson-module-parameter-names/2.18.2/jackson-module-parameter-names-2.18.2.jar:/home/joaomarcos11/.m2/repository/org/jboss/resteasy/resteasy-jackson2-provider/6.2.11.Final/resteasy-jackson2-provider-6.2.11.Final.jar:/home/joaomarcos11/.m2/repository/org/jboss/resteasy/resteasy-core-spi/6.2.11.Final/resteasy-core-spi-6.2.11.Final.jar:/home/joaomarcos11/.m2/repository/org/jboss/resteasy/resteasy-core/6.2.11.Final/resteasy-core-6.2.11.Final.jar:/home/joaomarcos11/.m2/repository/com/ibm/async/asyncutil/0.1.0/asyncutil-0.1.0.jar:/home/joaomarcos11/.m2/repository/com/fasterxml/jackson/core/jackson-core/2.18.2/jackson-core-2.18.2.jar:/home/joaomarcos11/.m2/repository/com/fasterxml/jackson/core/jackson-annotations/2.18.2/jackson-annotations-2.18.2.jar:/home/joaomarcos11/.m2/repository/com/fasterxml/jackson/jakarta/rs/jackson-jakarta-rs-base/2.18.2/jackson-jakarta-rs-base-2.18.2.jar:/home/joaomarcos11/.m2/repository/com/fasterxml/jackson/jakarta/rs/jackson-jakarta-rs-json-provider/2.18.2/jackson-jakarta-rs-json-provider-2.18.2.jar:/home/joaomarcos11/.m2/repository/com/fasterxml/jackson/module/jackson-module-jakarta-xmlbind-annotations/2.18.2/jackson-module-jakarta-xmlbind-annotations-2.18.2.jar:/home/joaomarcos11/.m2/repository/com/github/java-json-tools/json-patch/1.13/json-patch-1.13.jar:/home/joaomarcos11/.m2/repository/com/github/java-json-tools/msg-simple/1.2/msg-simple-1.2.jar:/home/joaomarcos11/.m2/repository/com/github/java-json-tools/btf/1.3/btf-1.3.jar:/home/joaomarcos11/.m2/repository/com/github/java-json-tools/jackson-coreutils/2.0/jackson-coreutils-2.0.jar:/home/joaomarcos11/.m2/repository/io/quarkus/quarkus-test-common/3.17.7/quarkus-test-common-3.17.7.jar:/home/joaomarcos11/.m2/repository/io/quarkus/quarkus-core-deployment/3.17.7/quarkus-core-deployment-3.17.7.jar:/home/joaomarcos11/.m2/repository/org/aesh/readline/2.6/readline-2.6.jar:/home/joaomarcos11/.m2/repository/org/fusesource/jansi/jansi/2.4.0/jansi-2.4.0.jar:/home/joaomarcos11/.m2/repository/org/aesh/aesh/2.8.2/aesh-2.8.2.jar:/home/joaomarcos11/.m2/repository/org/apache/commons/commons-lang3/3.17.0/commons-lang3-3.17.0.jar:/home/joaomarcos11/.m2/repository/io/quarkus/gizmo/gizmo/1.8.0/gizmo-1.8.0.jar:/home/joaomarcos11/.m2/repository/org/ow2/asm/asm-util/9.7.1/asm-util-9.7.1.jar:/home/joaomarcos11/.m2/repository/org/ow2/asm/asm-analysis/9.7.1/asm-analysis-9.7.1.jar:/home/joaomarcos11/.m2/repository/io/quarkus/quarkus-hibernate-validator-spi/3.17.7/quarkus-hibernate-validator-spi-3.17.7.jar:/home/joaomarcos11/.m2/repository/io/quarkus/quarkus-class-change-agent/3.17.7/quarkus-class-change-agent-3.17.7.jar:/home/joaomarcos11/.m2/repository/io/quarkus/quarkus-devtools-utilities/3.17.7/quarkus-devtools-utilities-3.17.7.jar:/home/joaomarcos11/.m2/repository/io/quarkus/quarkus-builder/3.17.7/quarkus-builder-3.17.7.jar:/home/joaomarcos11/.m2/repository/org/graalvm/sdk/nativeimage/23.1.2/nativeimage-23.1.2.jar:/home/joaomarcos11/.m2/repository/org/graalvm/sdk/word/23.1.2/word-23.1.2.jar:/home/joaomarcos11/.m2/repository/org/junit/platform/junit-platform-launcher/1.10.5/junit-platform-launcher-1.10.5.jar:/home/joaomarcos11/.m2/repository/io/quarkus/quarkus-bootstrap-maven-resolver/3.17.7/quarkus-bootstrap-maven-resolver-3.17.7.jar:/home/joaomarcos11/.m2/repository/io/smallrye/beanbag/smallrye-beanbag-maven/1.5.2/smallrye-beanbag-maven-1.5.2.jar:/home/joaomarcos11/.m2/repository/io/smallrye/beanbag/smallrye-beanbag-sisu/1.5.2/smallrye-beanbag-sisu-1.5.2.jar:/home/joaomarcos11/.m2/repository/io/smallrye/beanbag/smallrye-beanbag/1.5.2/smallrye-beanbag-1.5.2.jar:/home/joaomarcos11/.m2/repository/commons-codec/commons-codec/1.17.2/commons-codec-1.17.2.jar:/home/joaomarcos11/.m2/repository/javax/inject/javax.inject/1/javax.inject-1.jar:/home/joaomarcos11/.m2/repository/org/apache/httpcomponents/httpclient/4.5.14/httpclient-4.5.14.jar:/home/joaomarcos11/.m2/repository/org/apache/httpcomponents/httpcore/4.4.16/httpcore-4.4.16.jar:/home/joaomarcos11/.m2/repository/org/apache/maven/maven-artifact/3.9.9/maven-artifact-3.9.9.jar:/home/joaomarcos11/.m2/repository/org/apache/maven/maven-builder-support/3.9.9/maven-builder-support-3.9.9.jar:/home/joaomarcos11/.m2/repository/org/apache/maven/maven-model/3.9.9/maven-model-3.9.9.jar:/home/joaomarcos11/.m2/repository/org/apache/maven/maven-model-builder/3.9.9/maven-model-builder-3.9.9.jar:/home/joaomarcos11/.m2/repository/org/apache/maven/maven-repository-metadata/3.9.9/maven-repository-metadata-3.9.9.jar:/home/joaomarcos11/.m2/repository/org/apache/maven/maven-settings/3.9.9/maven-settings-3.9.9.jar:/home/joaomarcos11/.m2/repository/org/apache/maven/resolver/maven-resolver-api/1.9.22/maven-resolver-api-1.9.22.jar:/home/joaomarcos11/.m2/repository/org/apache/maven/resolver/maven-resolver-impl/1.9.22/maven-resolver-impl-1.9.22.jar:/home/joaomarcos11/.m2/repository/org/apache/maven/resolver/maven-resolver-named-locks/1.9.22/maven-resolver-named-locks-1.9.22.jar:/home/joaomarcos11/.m2/repository/org/apache/maven/resolver/maven-resolver-spi/1.9.22/maven-resolver-spi-1.9.22.jar:/home/joaomarcos11/.m2/repository/org/apache/maven/resolver/maven-resolver-util/1.9.22/maven-resolver-util-1.9.22.jar:/home/joaomarcos11/.m2/repository/org/apache/maven/resolver/maven-resolver-transport-http/1.9.20/maven-resolver-transport-http-1.9.20.jar:/home/joaomarcos11/.m2/repository/org/apache/maven/wagon/wagon-provider-api/3.5.3/wagon-provider-api-3.5.3.jar:/home/joaomarcos11/.m2/repository/org/apache/maven/wagon/wagon-http-shared/3.5.3/wagon-http-shared-3.5.3.jar:/home/joaomarcos11/.m2/repository/org/codehaus/plexus/plexus-interpolation/1.26/plexus-interpolation-1.26.jar:/home/joaomarcos11/.m2/repository/org/codehaus/plexus/plexus-utils/3.5.1/plexus-utils-3.5.1.jar:/home/joaomarcos11/.m2/repository/org/codehaus/plexus/plexus-xml/4.0.1/plexus-xml-4.0.1.jar:/home/joaomarcos11/.m2/repository/org/apache/maven/maven-xml-impl/4.0.0-alpha-5/maven-xml-impl-4.0.0-alpha-5.jar:/home/joaomarcos11/.m2/repository/org/apache/maven/maven-api-xml/4.0.0-alpha-5/maven-api-xml-4.0.0-alpha-5.jar:/home/joaomarcos11/.m2/repository/org/apache/maven/maven-api-meta/4.0.0-alpha-5/maven-api-meta-4.0.0-alpha-5.jar:/home/joaomarcos11/.m2/repository/org/codehaus/plexus/plexus-cipher/2.0/plexus-cipher-2.0.jar:/home/joaomarcos11/.m2/repository/org/codehaus/plexus/plexus-sec-dispatcher/2.0/plexus-sec-dispatcher-2.0.jar:/home/joaomarcos11/.m2/repository/org/apache/maven/maven-embedder/3.9.9/maven-embedder-3.9.9.jar:/home/joaomarcos11/.m2/repository/org/apache/maven/maven-core/3.9.9/maven-core-3.9.9.jar:/home/joaomarcos11/.m2/repository/org/codehaus/plexus/plexus-component-annotations/2.1.0/plexus-component-annotations-2.1.0.jar:/home/joaomarcos11/.m2/repository/org/apache/maven/maven-plugin-api/3.9.9/maven-plugin-api-3.9.9.jar:/home/joaomarcos11/.m2/repository/org/apache/maven/shared/maven-shared-utils/3.4.2/maven-shared-utils-3.4.2.jar:/home/joaomarcos11/.m2/repository/com/google/inject/guice/5.1.0/guice-5.1.0.jar:/home/joaomarcos11/.m2/repository/aopalliance/aopalliance/1.0/aopalliance-1.0.jar:/home/joaomarcos11/.m2/repository/com/google/guava/guava/33.3.1-jre/guava-33.3.1-jre.jar:/home/joaomarcos11/.m2/repository/com/google/guava/failureaccess/1.0.1/failureaccess-1.0.1.jar:/home/joaomarcos11/.m2/repository/javax/annotation/javax.annotation-api/1.3.2/javax.annotation-api-1.3.2.jar:/home/joaomarcos11/.m2/repository/org/codehaus/plexus/plexus-classworlds/2.6.0/plexus-classworlds-2.6.0.jar:/home/joaomarcos11/.m2/repository/commons-cli/commons-cli/1.8.0/commons-cli-1.8.0.jar:/home/joaomarcos11/.m2/repository/org/eclipse/sisu/org.eclipse.sisu.plexus/0.9.0.M3/org.eclipse.sisu.plexus-0.9.0.M3.jar:/home/joaomarcos11/.m2/repository/org/apache/maven/maven-settings-builder/3.9.9/maven-settings-builder-3.9.9.jar:/home/joaomarcos11/.m2/repository/org/apache/maven/maven-resolver-provider/3.9.9/maven-resolver-provider-3.9.9.jar:/home/joaomarcos11/.m2/repository/org/apache/maven/resolver/maven-resolver-connector-basic/1.9.22/maven-resolver-connector-basic-1.9.22.jar:/home/joaomarcos11/.m2/repository/org/apache/maven/resolver/maven-resolver-transport-wagon/1.9.22/maven-resolver-transport-wagon-1.9.22.jar:/home/joaomarcos11/.m2/repository/org/apache/maven/wagon/wagon-http/3.5.3/wagon-http-3.5.3.jar:/home/joaomarcos11/.m2/repository/org/apache/maven/wagon/wagon-file/3.5.3/wagon-file-3.5.3.jar:/home/joaomarcos11/.m2/repository/io/quarkus/quarkus-bootstrap-gradle-resolver/3.17.7/quarkus-bootstrap-gradle-resolver-3.17.7.jar:/home/joaomarcos11/.m2/repository/io/smallrye/jandex/3.2.3/jandex-3.2.3.jar:/home/joaomarcos11/.m2/repository/commons-io/commons-io/2.17.0/commons-io-2.17.0.jar:/home/joaomarcos11/.m2/repository/org/mockito/mockito-core/5.5.0/mockito-core-5.5.0.jar:/home/joaomarcos11/.m2/repository/net/bytebuddy/byte-buddy-agent/1.14.6/byte-buddy-agent-1.14.6.jar:/home/joaomarcos11/.m2/repository/org/objenesis/objenesis/3.3/objenesis-3.3.jar:"/>
    <property name="sun.cpu.endian" value="little"/>
    <property name="vertx.disableWebsockets" value="true"/>
    <property name="user.home" value="/home/joaomarcos11"/>
    <property name="user.language" value="en"/>
    <property name="jboss.log-version" value="false"/>
    <property name="java.specification.vendor" value="Oracle Corporation"/>
    <property name="io.netty.allocator.maxOrder" value="3"/>
    <property name="java.version.date" value="2025-01-21"/>
    <property name="java.home" value="/usr/lib/jvm/java-21-openjdk-amd64"/>
    <property name="file.separator" value="/"/>
    <property name="basedir" value="/home/joaomarcos11/ws/fiap-soat/hackaton/mail-sender"/>
    <property name="java.vm.compressedOopsMode" value="32-bit"/>
    <property name="line.separator" value="&#10;"/>
    <property name="java.specification.name" value="Java Platform API Specification"/>
    <property name="java.vm.specification.vendor" value="Oracle Corporation"/>
    <property name="surefire.real.class.path" value="/home/joaomarcos11/ws/fiap-soat/hackaton/mail-sender/target/surefire/surefirebooter-20250208134636629_3.jar"/>
    <property name="sun.management.compiler" value="HotSpot 64-Bit Tiered Compilers"/>
    <property name="java.runtime.version" value="21.0.6+7-Ubuntu-122.04.1"/>
    <property name="user.name" value="joaomarcos11"/>
    <property name="stdout.encoding" value="UTF-8"/>
    <property name="dev.resteasy.exception.mapper" value="false"/>
    <property name="path.separator" value=":"/>
    <property name="os.version" value="5.15.146.1-microsoft-standard-WSL2"/>
    <property name="java.runtime.name" value="OpenJDK Runtime Environment"/>
    <property name="file.encoding" value="UTF-8"/>
    <property name="java.vm.name" value="OpenJDK 64-Bit Server VM"/>
    <property name="localRepository" value="/home/joaomarcos11/.m2/repository"/>
    <property name="java.vendor.url.bug" value="https://bugs.launchpad.net/ubuntu/+source/openjdk-21"/>
    <property name="java.io.tmpdir" value="/tmp"/>
    <property name="quarkus.log.file.path" value="target/quarkus.log"/>
    <property name="java.version" value="21.0.6"/>
    <property name="java.util.concurrent.ForkJoinPool.common.threadFactory" value="io.quarkus.bootstrap.forkjoin.QuarkusForkJoinWorkerThreadFactory"/>
    <property name="user.dir" value="/home/joaomarcos11/ws/fiap-soat/hackaton/mail-sender"/>
    <property name="os.arch" value="amd64"/>
    <property name="java.vm.specification.name" value="Java Virtual Machine Specification"/>
    <property name="vertx.disableDnsResolver" value="true"/>
    <property name="native.encoding" value="UTF-8"/>
    <property name="java.util.logging.manager" value="org.jboss.logmanager.LogManager"/>
    <property name="java.library.path" value="/usr/java/packages/lib:/usr/lib/x86_64-linux-gnu/jni:/lib/x86_64-linux-gnu:/usr/lib/x86_64-linux-gnu:/usr/lib/jni:/lib:/usr/lib"/>
    <property name="jdk.console" value="java.base"/>
    <property name="stderr.encoding" value="UTF-8"/>
    <property name="java.vm.info" value="mixed mode, sharing"/>
    <property name="java.vendor" value="Ubuntu"/>
    <property name="vertx.disableTCCL" value="true"/>
    <property name="java.vm.version" value="21.0.6+7-Ubuntu-122.04.1"/>
    <property name="sun.io.unicode.encoding" value="UnicodeLittle"/>
    <property name="io.netty.machineId" value="94:0c:c5:bb:99:c2:d6:3a"/>
    <property name="java.class.version" value="65.0"/>
    <property name="jacoco-agent.destfile" value="/home/joaomarcos11/ws/fiap-soat/hackaton/mail-sender/target/jacoco-quarkus.exec"/>
  </properties>
  <testcase name="sendEmail_success" classname="org.jfm.test.EmailServiceTest" time="1.116">
    <system-out><![CDATA[2025-02-08 13:46:42,790 WARN  [io.qua.agr.dep.AgroalProcessor] (build-15) The Agroal dependency is present but no JDBC datasources have been defined.
2025-02-08 13:46:43,630 WARN  [io.qua.hib.orm.dep.HibernateOrmProcessor] (build-16) Hibernate ORM is disabled because no JPA entities were found
2025-02-08 13:46:43,651 WARN  [io.qua.dat.dep.dev.DevServicesDatasourceProcessor] (build-22) Unable to determine a database type for default datasource
2025-02-08 13:46:43,718 INFO  [org.tes.DockerClientFactory] (build-30) Testcontainers version: 1.20.4
2025-02-08 13:46:43,939 INFO  [org.tes.doc.DockerClientProviderStrategy] (build-30) Loaded org.testcontainers.dockerclient.UnixSocketClientProviderStrategy from ~/.testcontainers.properties, will try it first
2025-02-08 13:46:44,440 INFO  [org.tes.doc.DockerClientProviderStrategy] (build-30) Found Docker environment with local Unix socket (unix:///var/run/docker.sock)
2025-02-08 13:46:44,454 INFO  [org.tes.DockerClientFactory] (build-30) Docker host IP address is localhost
2025-02-08 13:46:44,497 INFO  [org.tes.DockerClientFactory] (build-30) Connected to docker: 
  Server Version: 27.1.1
  API Version: 1.46
  Operating System: Ubuntu 22.04.4 LTS
  Total Memory: 3860 MB
2025-02-08 13:46:44,513 INFO  [org.tes.ima.PullPolicy] (build-30) Image pull policy will be performed by: DefaultPullPolicy()
2025-02-08 13:46:44,515 INFO  [org.tes.uti.ImageNameSubstitutor] (build-30) Image name substitution will be performed by: DefaultImageNameSubstitutor (composite of 'ConfigurationFileImageNameSubstitutor' and 'PrefixingImageNameSubstitutor')
2025-02-08 13:46:44,533 INFO  [org.tes.DockerClientFactory] (build-30) Checking the system...
2025-02-08 13:46:44,535 INFO  [org.tes.DockerClientFactory] (build-30) ✔︎ Docker server version should be at least 1.6.0
2025-02-08 13:46:44,581 INFO  [tc.loc.7.2] (build-30) LOCALSTACK_HOST environment variable set to localstack-hrxbg (to match last network alias on container with non-default network)
2025-02-08 13:46:44,584 INFO  [tc.loc.7.2] (build-30) Creating container for image: localstack/localstack:3.7.2
2025-02-08 13:46:44,591 INFO  [org.tes.uti.RegistryAuthLocator] (build-30) Failure when attempting to lookup auth config. Please ignore if you don't have images in an authenticated registry. Details: (dockerImageName: localstack/localstack:3.7.2, configFile: /home/joaomarcos11/.docker/config.json, configEnv: DOCKER_AUTH_CONFIG). Falling back to docker-java default behaviour. Exception message: Status 404: No config supplied. Checked in order: /home/joaomarcos11/.docker/config.json (file not found), DOCKER_AUTH_CONFIG (not set)
2025-02-08 13:46:44,600 INFO  [tc.tes.11.0] (build-30) Creating container for image: testcontainers/ryuk:0.11.0
2025-02-08 13:46:44,772 INFO  [tc.tes.11.0] (build-30) Container testcontainers/ryuk:0.11.0 is starting: a236fbc1bf8d14db6d0e7a6df97a53a71e6285a3360fe77d463f5f2abf9815ec
2025-02-08 13:46:46,340 INFO  [tc.tes.11.0] (build-30) Container testcontainers/ryuk:0.11.0 started in PT1.739375303S
2025-02-08 13:46:47,729 INFO  [tc.loc.7.2] (build-30) Container localstack/localstack:3.7.2 is starting: 8bc4596e349355b69c07cf7dc166f2de26cdd3a1cbdb03feca3042fa645ed57e
2025-02-08 13:46:50,717 INFO  [tc.loc.7.2] (build-30) Container localstack/localstack:3.7.2 started in PT6.133276098S
2025-02-08 13:46:51,207 INFO  [io.qua.ama.com.dep.DevServicesLocalStackProcessor] (build-30) Amazon Dev Services for localstack (sqs) started. Other Quarkus applications in dev mode will find the LocalStack automatically.
2025-02-08 13:46:52,244 INFO  [io.quarkus] (main) mail-sender 1.0.0-SNAPSHOT on JVM (powered by Quarkus 3.17.7) started in 11.020s. Listening on: http://localhost:8081
2025-02-08 13:46:52,245 INFO  [io.quarkus] (main) Profile test activated. 
2025-02-08 13:46:52,245 INFO  [io.quarkus] (main) Installed features: [agroal, amazon-sdk-sqs, cdi, hibernate-orm, hibernate-orm-panache, jacoco, mailer, narayana-jta, qute, resteasy-jackson, scheduler, smallrye-context-propagation, vertx]
2025-02-08 13:46:53,319 INFO  [org.jfm.app.EmailService] (main) Email sent successfully to test@example.com
]]></system-out>
    <system-err><![CDATA[WARNING: A Java agent has been loaded dynamically (/home/joaomarcos11/.m2/repository/net/bytebuddy/byte-buddy-agent/1.14.6/byte-buddy-agent-1.14.6.jar)
WARNING: If a serviceability tool is in use, please run with -XX:+EnableDynamicAgentLoading to hide this warning
WARNING: If a serviceability tool is not in use, please run with -Djdk.instrument.traceUsage for more information
WARNING: Dynamic loading of agents will be disallowed by default in a future release
]]></system-err>
  </testcase>
  <testcase name="sendEmail_failure" classname="org.jfm.test.EmailServiceTest" time="0.036">
    <system-out><![CDATA[2025-02-08 13:46:53,418 ERROR [org.jfm.app.EmailService] (main) Error sending email to test@example.com: java.lang.RuntimeException: Mail server error
	at org.jfm.application.EmailService.sendEmail(EmailService.java:21)
	at org.jfm.test.EmailServiceTest.lambda$sendEmail_failure$0(EmailServiceTest.java:56)
	at org.junit.jupiter.api.AssertThrows.assertThrows(AssertThrows.java:53)
	at org.junit.jupiter.api.AssertThrows.assertThrows(AssertThrows.java:35)
	at org.junit.jupiter.api.Assertions.assertThrows(Assertions.java:3115)
	at org.jfm.test.EmailServiceTest.sendEmail_failure(EmailServiceTest.java:54)
	at java.base/jdk.internal.reflect.DirectMethodHandleAccessor.invoke(DirectMethodHandleAccessor.java:103)
	at java.base/java.lang.reflect.Method.invoke(Method.java:580)
	at io.quarkus.test.junit.QuarkusTestExtension.runExtensionMethod(QuarkusTestExtension.java:967)
	at io.quarkus.test.junit.QuarkusTestExtension.interceptTestMethod(QuarkusTestExtension.java:817)
	at org.junit.jupiter.engine.execution.InterceptingExecutableInvoker$ReflectiveInterceptorCall.lambda$ofVoidMethod$0(InterceptingExecutableInvoker.java:103)
	at org.junit.jupiter.engine.execution.InterceptingExecutableInvoker.lambda$invoke$0(InterceptingExecutableInvoker.java:93)
	at org.junit.jupiter.engine.execution.InvocationInterceptorChain$InterceptedInvocation.proceed(InvocationInterceptorChain.java:106)
	at org.junit.jupiter.engine.extension.TimeoutExtension.intercept(TimeoutExtension.java:156)
	at org.junit.jupiter.engine.extension.TimeoutExtension.interceptTestableMethod(TimeoutExtension.java:147)
	at org.junit.jupiter.engine.extension.TimeoutExtension.interceptTestMethod(TimeoutExtension.java:86)
	at org.junit.jupiter.engine.execution.InterceptingExecutableInvoker$ReflectiveInterceptorCall.lambda$ofVoidMethod$0(InterceptingExecutableInvoker.java:103)
	at org.junit.jupiter.engine.execution.InterceptingExecutableInvoker.lambda$invoke$0(InterceptingExecutableInvoker.java:93)
	at org.junit.jupiter.engine.execution.InvocationInterceptorChain$InterceptedInvocation.proceed(InvocationInterceptorChain.java:106)
	at org.junit.jupiter.engine.execution.InvocationInterceptorChain.proceed(InvocationInterceptorChain.java:64)
	at org.junit.jupiter.engine.execution.InvocationInterceptorChain.chainAndInvoke(InvocationInterceptorChain.java:45)
	at org.junit.jupiter.engine.execution.InvocationInterceptorChain.invoke(InvocationInterceptorChain.java:37)
	at org.junit.jupiter.engine.execution.InterceptingExecutableInvoker.invoke(InterceptingExecutableInvoker.java:92)
	at org.junit.jupiter.engine.execution.InterceptingExecutableInvoker.invoke(InterceptingExecutableInvoker.java:86)
	at org.junit.jupiter.engine.descriptor.TestMethodTestDescriptor.lambda$invokeTestMethod$7(TestMethodTestDescriptor.java:218)
	at org.junit.platform.engine.support.hierarchical.ThrowableCollector.execute(ThrowableCollector.java:73)
	at org.junit.jupiter.engine.descriptor.TestMethodTestDescriptor.invokeTestMethod(TestMethodTestDescriptor.java:214)
	at org.junit.jupiter.engine.descriptor.TestMethodTestDescriptor.execute(TestMethodTestDescriptor.java:139)
	at org.junit.jupiter.engine.descriptor.TestMethodTestDescriptor.execute(TestMethodTestDescriptor.java:69)
	at org.junit.platform.engine.support.hierarchical.NodeTestTask.lambda$executeRecursively$6(NodeTestTask.java:156)
	at org.junit.platform.engine.support.hierarchical.ThrowableCollector.execute(ThrowableCollector.java:73)
	at org.junit.platform.engine.support.hierarchical.NodeTestTask.lambda$executeRecursively$8(NodeTestTask.java:146)
	at org.junit.platform.engine.support.hierarchical.Node.around(Node.java:137)
	at org.junit.platform.engine.support.hierarchical.NodeTestTask.lambda$executeRecursively$9(NodeTestTask.java:144)
	at org.junit.platform.engine.support.hierarchical.ThrowableCollector.execute(ThrowableCollector.java:73)
	at org.junit.platform.engine.support.hierarchical.NodeTestTask.executeRecursively(NodeTestTask.java:143)
	at org.junit.platform.engine.support.hierarchical.NodeTestTask.execute(NodeTestTask.java:100)
	at java.base/java.util.ArrayList.forEach(ArrayList.java:1596)
	at org.junit.platform.engine.support.hierarchical.SameThreadHierarchicalTestExecutorService.invokeAll(SameThreadHierarchicalTestExecutorService.java:41)
	at org.junit.platform.engine.support.hierarchical.NodeTestTask.lambda$executeRecursively$6(NodeTestTask.java:160)
	at org.junit.platform.engine.support.hierarchical.ThrowableCollector.execute(ThrowableCollector.java:73)
	at org.junit.platform.engine.support.hierarchical.NodeTestTask.lambda$executeRecursively$8(NodeTestTask.java:146)
	at org.junit.platform.engine.support.hierarchical.Node.around(Node.java:137)
	at org.junit.platform.engine.support.hierarchical.NodeTestTask.lambda$executeRecursively$9(NodeTestTask.java:144)
	at org.junit.platform.engine.support.hierarchical.ThrowableCollector.execute(ThrowableCollector.java:73)
	at org.junit.platform.engine.support.hierarchical.NodeTestTask.executeRecursively(NodeTestTask.java:143)
	at org.junit.platform.engine.support.hierarchical.NodeTestTask.execute(NodeTestTask.java:100)
	at java.base/java.util.ArrayList.forEach(ArrayList.java:1596)
	at org.junit.platform.engine.support.hierarchical.SameThreadHierarchicalTestExecutorService.invokeAll(SameThreadHierarchicalTestExecutorService.java:41)
	at org.junit.platform.engine.support.hierarchical.NodeTestTask.lambda$executeRecursively$6(NodeTestTask.java:160)
	at org.junit.platform.engine.support.hierarchical.ThrowableCollector.execute(ThrowableCollector.java:73)
	at org.junit.platform.engine.support.hierarchical.NodeTestTask.lambda$executeRecursively$8(NodeTestTask.java:146)
	at org.junit.platform.engine.support.hierarchical.Node.around(Node.java:137)
	at org.junit.platform.engine.support.hierarchical.NodeTestTask.lambda$executeRecursively$9(NodeTestTask.java:144)
	at org.junit.platform.engine.support.hierarchical.ThrowableCollector.execute(ThrowableCollector.java:73)
	at org.junit.platform.engine.support.hierarchical.NodeTestTask.executeRecursively(NodeTestTask.java:143)
	at org.junit.platform.engine.support.hierarchical.NodeTestTask.execute(NodeTestTask.java:100)
	at org.junit.platform.engine.support.hierarchical.SameThreadHierarchicalTestExecutorService.submit(SameThreadHierarchicalTestExecutorService.java:35)
	at org.junit.platform.engine.support.hierarchical.HierarchicalTestExecutor.execute(HierarchicalTestExecutor.java:57)
	at org.junit.platform.engine.support.hierarchical.HierarchicalTestEngine.execute(HierarchicalTestEngine.java:54)
	at org.junit.platform.launcher.core.EngineExecutionOrchestrator.execute(EngineExecutionOrchestrator.java:198)
	at org.junit.platform.launcher.core.EngineExecutionOrchestrator.execute(EngineExecutionOrchestrator.java:169)
	at org.junit.platform.launcher.core.EngineExecutionOrchestrator.execute(EngineExecutionOrchestrator.java:93)
	at org.junit.platform.launcher.core.EngineExecutionOrchestrator.lambda$execute$0(EngineExecutionOrchestrator.java:58)
	at org.junit.platform.launcher.core.EngineExecutionOrchestrator.withInterceptedStreams(EngineExecutionOrchestrator.java:141)
	at org.junit.platform.launcher.core.EngineExecutionOrchestrator.execute(EngineExecutionOrchestrator.java:57)
	at org.junit.platform.launcher.core.DefaultLauncher.execute(DefaultLauncher.java:103)
	at org.junit.platform.launcher.core.DefaultLauncher.execute(DefaultLauncher.java:85)
	at org.junit.platform.launcher.core.DelegatingLauncher.execute(DelegatingLauncher.java:47)
	at org.apache.maven.surefire.junitplatform.LazyLauncher.execute(LazyLauncher.java:56)
	at org.apache.maven.surefire.junitplatform.JUnitPlatformProvider.execute(JUnitPlatformProvider.java:184)
	at org.apache.maven.surefire.junitplatform.JUnitPlatformProvider.invokeAllTests(JUnitPlatformProvider.java:148)
	at org.apache.maven.surefire.junitplatform.JUnitPlatformProvider.invoke(JUnitPlatformProvider.java:122)
	at org.apache.maven.surefire.booter.ForkedBooter.runSuitesInProcess(ForkedBooter.java:385)
	at org.apache.maven.surefire.booter.ForkedBooter.execute(ForkedBooter.java:162)
	at org.apache.maven.surefire.booter.ForkedBooter.run(ForkedBooter.java:507)
	at org.apache.maven.surefire.booter.ForkedBooter.main(ForkedBooter.java:495)

]]></system-out>
  </testcase>
</testsuite>